{"E:\\Kenton Vizdos\\Documents\\HOME Router\\PRAUXY\\config.js": {"path":"E:\\Kenton Vizdos\\Documents\\HOME Router\\PRAUXY\\config.js","statementMap":{"0":{"start":{"line":1,"column":15},"end":{"line":1,"column":32}},"1":{"start":{"line":2,"column":0},"end":{"line":2,"column":16}},"2":{"start":{"line":4,"column":15},"end":{"line":23,"column":1}},"3":{"start":{"line":5,"column":4},"end":{"line":22,"column":31}},"4":{"start":{"line":20,"column":8},"end":{"line":20,"column":101}},"5":{"start":{"line":25,"column":0},"end":{"line":25,"column":30}}},"fnMap":{"0":{"name":"(anonymous_0)","decl":{"start":{"line":4,"column":15},"end":{"line":4,"column":16}},"loc":{"start":{"line":4,"column":26},"end":{"line":23,"column":1}},"line":4},"1":{"name":"(anonymous_1)","decl":{"start":{"line":19,"column":21},"end":{"line":19,"column":22}},"loc":{"start":{"line":19,"column":52},"end":{"line":21,"column":5}},"line":19}},"branchMap":{"0":{"loc":{"start":{"line":6,"column":19},"end":{"line":6,"column":47}},"type":"binary-expr","locations":[{"start":{"line":6,"column":19},"end":{"line":6,"column":39}},{"start":{"line":6,"column":43},"end":{"line":6,"column":47}}],"line":6},"1":{"loc":{"start":{"line":7,"column":14},"end":{"line":7,"column":42}},"type":"binary-expr","locations":[{"start":{"line":7,"column":14},"end":{"line":7,"column":34}},{"start":{"line":7,"column":38},"end":{"line":7,"column":42}}],"line":7},"2":{"loc":{"start":{"line":8,"column":18},"end":{"line":8,"column":48}},"type":"binary-expr","locations":[{"start":{"line":8,"column":18},"end":{"line":8,"column":40}},{"start":{"line":8,"column":44},"end":{"line":8,"column":48}}],"line":8},"3":{"loc":{"start":{"line":9,"column":22},"end":{"line":9,"column":54}},"type":"binary-expr","locations":[{"start":{"line":9,"column":22},"end":{"line":9,"column":46}},{"start":{"line":9,"column":50},"end":{"line":9,"column":54}}],"line":9},"4":{"loc":{"start":{"line":10,"column":22},"end":{"line":10,"column":54}},"type":"binary-expr","locations":[{"start":{"line":10,"column":22},"end":{"line":10,"column":46}},{"start":{"line":10,"column":50},"end":{"line":10,"column":54}}],"line":10},"5":{"loc":{"start":{"line":11,"column":26},"end":{"line":11,"column":58}},"type":"binary-expr","locations":[{"start":{"line":11,"column":26},"end":{"line":11,"column":50}},{"start":{"line":11,"column":54},"end":{"line":11,"column":58}}],"line":11},"6":{"loc":{"start":{"line":12,"column":15},"end":{"line":12,"column":37}},"type":"binary-expr","locations":[{"start":{"line":12,"column":15},"end":{"line":12,"column":31}},{"start":{"line":12,"column":35},"end":{"line":12,"column":37}}],"line":12},"7":{"loc":{"start":{"line":15,"column":15},"end":{"line":15,"column":53}},"type":"binary-expr","locations":[{"start":{"line":15,"column":15},"end":{"line":15,"column":32}},{"start":{"line":15,"column":36},"end":{"line":15,"column":53}}],"line":15},"8":{"loc":{"start":{"line":17,"column":19},"end":{"line":17,"column":61}},"type":"binary-expr","locations":[{"start":{"line":17,"column":19},"end":{"line":17,"column":34}},{"start":{"line":17,"column":38},"end":{"line":17,"column":61}}],"line":17},"9":{"loc":{"start":{"line":19,"column":22},"end":{"line":19,"column":30}},"type":"default-arg","locations":[{"start":{"line":19,"column":28},"end":{"line":19,"column":30}}],"line":19},"10":{"loc":{"start":{"line":19,"column":32},"end":{"line":19,"column":47}},"type":"default-arg","locations":[{"start":{"line":19,"column":42},"end":{"line":19,"column":47}}],"line":19},"11":{"loc":{"start":{"line":20,"column":18},"end":{"line":20,"column":55}},"type":"cond-expr","locations":[{"start":{"line":20,"column":29},"end":{"line":20,"column":50}},{"start":{"line":20,"column":53},"end":{"line":20,"column":55}}],"line":20},"12":{"loc":{"start":{"line":20,"column":58},"end":{"line":20,"column":84}},"type":"cond-expr","locations":[{"start":{"line":20,"column":70},"end":{"line":20,"column":79}},{"start":{"line":20,"column":82},"end":{"line":20,"column":84}}],"line":20}},"s":{"0":1,"1":1,"2":1,"3":1,"4":18,"5":1},"f":{"0":1,"1":18},"b":{"0":[1,1],"1":[1,1],"2":[1,1],"3":[1,1],"4":[1,1],"5":[1,1],"6":[1,1],"7":[1,0],"8":[1,0],"9":[18],"10":[18],"11":[18,0],"12":[0,18]},"_coverageSchema":"1a1c01bbd47fc00a2c39e90264f33305004495a9","hash":"d91f16668948dd308b5ea60ba9f65d15c27a3feb"}
,"E:\\Kenton Vizdos\\Documents\\HOME Router\\PRAUXY\\auth\\auth.js": {"path":"E:\\Kenton Vizdos\\Documents\\HOME Router\\PRAUXY\\auth\\auth.js","statementMap":{"0":{"start":{"line":2,"column":16},"end":{"line":2,"column":34}},"1":{"start":{"line":3,"column":12},"end":{"line":3,"column":21}},"2":{"start":{"line":4,"column":11},"end":{"line":4,"column":44}},"3":{"start":{"line":5,"column":9},"end":{"line":5,"column":35}},"4":{"start":{"line":7,"column":21},"end":{"line":7,"column":48}},"5":{"start":{"line":8,"column":20},"end":{"line":8,"column":50}},"6":{"start":{"line":9,"column":12},"end":{"line":9,"column":28}},"7":{"start":{"line":11,"column":19},"end":{"line":11,"column":41}},"8":{"start":{"line":12,"column":19},"end":{"line":12,"column":43}},"9":{"start":{"line":14,"column":15},"end":{"line":14,"column":32}},"10":{"start":{"line":15,"column":19},"end":{"line":15,"column":21}},"11":{"start":{"line":17,"column":18},"end":{"line":17,"column":38}},"12":{"start":{"line":18,"column":15},"end":{"line":18,"column":32}},"13":{"start":{"line":20,"column":14},"end":{"line":20,"column":34}},"14":{"start":{"line":22,"column":15},"end":{"line":22,"column":50}},"15":{"start":{"line":23,"column":21},"end":{"line":23,"column":53}},"16":{"start":{"line":25,"column":14},"end":{"line":25,"column":52}},"17":{"start":{"line":26,"column":16},"end":{"line":26,"column":45}},"18":{"start":{"line":28,"column":15},"end":{"line":28,"column":56}},"19":{"start":{"line":30,"column":19},"end":{"line":30,"column":21}},"20":{"start":{"line":33,"column":0},"end":{"line":33,"column":27}},"21":{"start":{"line":34,"column":0},"end":{"line":34,"column":51}},"22":{"start":{"line":35,"column":0},"end":{"line":35,"column":23}},"23":{"start":{"line":37,"column":0},"end":{"line":43,"column":4}},"24":{"start":{"line":38,"column":4},"end":{"line":38,"column":65}},"25":{"start":{"line":39,"column":4},"end":{"line":39,"column":63}},"26":{"start":{"line":40,"column":4},"end":{"line":40,"column":60}},"27":{"start":{"line":41,"column":4},"end":{"line":41,"column":56}},"28":{"start":{"line":42,"column":4},"end":{"line":42,"column":11}},"29":{"start":{"line":45,"column":0},"end":{"line":45,"column":61}},"30":{"start":{"line":46,"column":0},"end":{"line":46,"column":86}},"31":{"start":{"line":48,"column":0},"end":{"line":57,"column":2}},"32":{"start":{"line":50,"column":4},"end":{"line":56,"column":6}},"33":{"start":{"line":51,"column":8},"end":{"line":55,"column":9}},"34":{"start":{"line":52,"column":12},"end":{"line":52,"column":43}},"35":{"start":{"line":54,"column":12},"end":{"line":54,"column":68}},"36":{"start":{"line":59,"column":0},"end":{"line":79,"column":2}},"37":{"start":{"line":60,"column":21},"end":{"line":60,"column":65}},"38":{"start":{"line":70,"column":4},"end":{"line":76,"column":6}},"39":{"start":{"line":71,"column":8},"end":{"line":75,"column":9}},"40":{"start":{"line":72,"column":12},"end":{"line":72,"column":37}},"41":{"start":{"line":74,"column":12},"end":{"line":74,"column":50}},"42":{"start":{"line":81,"column":0},"end":{"line":136,"column":3}},"43":{"start":{"line":82,"column":21},"end":{"line":82,"column":38}},"44":{"start":{"line":83,"column":21},"end":{"line":83,"column":38}},"45":{"start":{"line":84,"column":21},"end":{"line":84,"column":38}},"46":{"start":{"line":86,"column":4},"end":{"line":135,"column":7}},"47":{"start":{"line":87,"column":8},"end":{"line":87,"column":27}},"48":{"start":{"line":87,"column":17},"end":{"line":87,"column":27}},"49":{"start":{"line":88,"column":18},"end":{"line":88,"column":86}},"50":{"start":{"line":89,"column":8},"end":{"line":134,"column":11}},"51":{"start":{"line":90,"column":12},"end":{"line":90,"column":31}},"52":{"start":{"line":90,"column":21},"end":{"line":90,"column":31}},"53":{"start":{"line":92,"column":12},"end":{"line":132,"column":13}},"54":{"start":{"line":95,"column":16},"end":{"line":129,"column":18}},"55":{"start":{"line":97,"column":20},"end":{"line":128,"column":21}},"56":{"start":{"line":99,"column":41},"end":{"line":99,"column":71}},"57":{"start":{"line":100,"column":39},"end":{"line":100,"column":74}},"58":{"start":{"line":102,"column":24},"end":{"line":102,"column":74}},"59":{"start":{"line":103,"column":24},"end":{"line":103,"column":88}},"60":{"start":{"line":105,"column":37},"end":{"line":105,"column":122}},"61":{"start":{"line":106,"column":37},"end":{"line":106,"column":140}},"62":{"start":{"line":107,"column":37},"end":{"line":107,"column":116}},"63":{"start":{"line":109,"column":24},"end":{"line":109,"column":82}},"64":{"start":{"line":111,"column":24},"end":{"line":111,"column":143}},"65":{"start":{"line":111,"column":59},"end":{"line":111,"column":143}},"66":{"start":{"line":113,"column":24},"end":{"line":117,"column":25}},"67":{"start":{"line":114,"column":28},"end":{"line":114,"column":92}},"68":{"start":{"line":116,"column":28},"end":{"line":116,"column":105}},"69":{"start":{"line":118,"column":24},"end":{"line":123,"column":27}},"70":{"start":{"line":119,"column":28},"end":{"line":119,"column":79}},"71":{"start":{"line":119,"column":36},"end":{"line":119,"column":79}},"72":{"start":{"line":119,"column":44},"end":{"line":119,"column":79}},"73":{"start":{"line":121,"column":28},"end":{"line":121,"column":39}},"74":{"start":{"line":127,"column":24},"end":{"line":127,"column":69}},"75":{"start":{"line":131,"column":16},"end":{"line":131,"column":61}},"76":{"start":{"line":138,"column":0},"end":{"line":183,"column":2}},"77":{"start":{"line":139,"column":21},"end":{"line":139,"column":38}},"78":{"start":{"line":140,"column":16},"end":{"line":140,"column":28}},"79":{"start":{"line":142,"column":4},"end":{"line":181,"column":7}},"80":{"start":{"line":143,"column":8},"end":{"line":143,"column":27}},"81":{"start":{"line":143,"column":17},"end":{"line":143,"column":27}},"82":{"start":{"line":144,"column":18},"end":{"line":144,"column":86}},"83":{"start":{"line":145,"column":8},"end":{"line":179,"column":11}},"84":{"start":{"line":147,"column":27},"end":{"line":147,"column":40}},"85":{"start":{"line":148,"column":29},"end":{"line":152,"column":14}},"86":{"start":{"line":154,"column":12},"end":{"line":177,"column":14}},"87":{"start":{"line":155,"column":16},"end":{"line":159,"column":17}},"88":{"start":{"line":156,"column":20},"end":{"line":156,"column":169}},"89":{"start":{"line":157,"column":20},"end":{"line":157,"column":64}},"90":{"start":{"line":158,"column":20},"end":{"line":158,"column":27}},"91":{"start":{"line":161,"column":16},"end":{"line":176,"column":17}},"92":{"start":{"line":162,"column":20},"end":{"line":162,"column":59}},"93":{"start":{"line":164,"column":20},"end":{"line":164,"column":87}},"94":{"start":{"line":166,"column":20},"end":{"line":170,"column":23}},"95":{"start":{"line":167,"column":24},"end":{"line":167,"column":67}},"96":{"start":{"line":167,"column":32},"end":{"line":167,"column":67}},"97":{"start":{"line":168,"column":24},"end":{"line":168,"column":35}},"98":{"start":{"line":173,"column":20},"end":{"line":173,"column":84}},"99":{"start":{"line":174,"column":20},"end":{"line":174,"column":65}},"100":{"start":{"line":175,"column":20},"end":{"line":175,"column":31}},"101":{"start":{"line":186,"column":0},"end":{"line":193,"column":2}},"102":{"start":{"line":187,"column":21},"end":{"line":187,"column":38}},"103":{"start":{"line":188,"column":21},"end":{"line":188,"column":73}},"104":{"start":{"line":189,"column":21},"end":{"line":189,"column":35}},"105":{"start":{"line":190,"column":21},"end":{"line":190,"column":40}},"106":{"start":{"line":192,"column":4},"end":{"line":192,"column":56}},"107":{"start":{"line":195,"column":21},"end":{"line":231,"column":1}},"108":{"start":{"line":196,"column":4},"end":{"line":199,"column":5}},"109":{"start":{"line":197,"column":8},"end":{"line":197,"column":72}},"110":{"start":{"line":198,"column":8},"end":{"line":198,"column":15}},"111":{"start":{"line":201,"column":4},"end":{"line":230,"column":7}},"112":{"start":{"line":202,"column":8},"end":{"line":202,"column":27}},"113":{"start":{"line":202,"column":17},"end":{"line":202,"column":27}},"114":{"start":{"line":203,"column":18},"end":{"line":203,"column":86}},"115":{"start":{"line":204,"column":22},"end":{"line":204,"column":52}},"116":{"start":{"line":205,"column":21},"end":{"line":205,"column":58}},"117":{"start":{"line":207,"column":8},"end":{"line":229,"column":11}},"118":{"start":{"line":208,"column":12},"end":{"line":211,"column":13}},"119":{"start":{"line":209,"column":16},"end":{"line":209,"column":81}},"120":{"start":{"line":210,"column":16},"end":{"line":210,"column":23}},"121":{"start":{"line":213,"column":27},"end":{"line":213,"column":100}},"122":{"start":{"line":215,"column":12},"end":{"line":228,"column":14}},"123":{"start":{"line":217,"column":16},"end":{"line":227,"column":19}},"124":{"start":{"line":218,"column":20},"end":{"line":218,"column":39}},"125":{"start":{"line":218,"column":29},"end":{"line":218,"column":39}},"126":{"start":{"line":220,"column":20},"end":{"line":220,"column":70}},"127":{"start":{"line":221,"column":33},"end":{"line":221,"column":150}},"128":{"start":{"line":222,"column":20},"end":{"line":222,"column":73}},"129":{"start":{"line":224,"column":20},"end":{"line":224,"column":51}},"130":{"start":{"line":226,"column":20},"end":{"line":226,"column":31}},"131":{"start":{"line":233,"column":0},"end":{"line":307,"column":2}},"132":{"start":{"line":234,"column":17},"end":{"line":234,"column":30}},"133":{"start":{"line":236,"column":4},"end":{"line":305,"column":7}},"134":{"start":{"line":237,"column":8},"end":{"line":237,"column":27}},"135":{"start":{"line":237,"column":17},"end":{"line":237,"column":27}},"136":{"start":{"line":238,"column":18},"end":{"line":238,"column":86}},"137":{"start":{"line":240,"column":8},"end":{"line":304,"column":9}},"138":{"start":{"line":242,"column":31},"end":{"line":242,"column":48}},"139":{"start":{"line":243,"column":28},"end":{"line":243,"column":42}},"140":{"start":{"line":245,"column":16},"end":{"line":248,"column":17}},"141":{"start":{"line":246,"column":20},"end":{"line":246,"column":84}},"142":{"start":{"line":247,"column":20},"end":{"line":247,"column":27}},"143":{"start":{"line":250,"column":16},"end":{"line":257,"column":19}},"144":{"start":{"line":251,"column":20},"end":{"line":254,"column":21}},"145":{"start":{"line":252,"column":24},"end":{"line":252,"column":93}},"146":{"start":{"line":253,"column":24},"end":{"line":253,"column":31}},"147":{"start":{"line":255,"column":20},"end":{"line":255,"column":51}},"148":{"start":{"line":258,"column":16},"end":{"line":258,"column":22}},"149":{"start":{"line":260,"column":31},"end":{"line":260,"column":48}},"150":{"start":{"line":261,"column":26},"end":{"line":261,"column":38}},"151":{"start":{"line":262,"column":27},"end":{"line":262,"column":40}},"152":{"start":{"line":264,"column":16},"end":{"line":267,"column":17}},"153":{"start":{"line":265,"column":20},"end":{"line":265,"column":84}},"154":{"start":{"line":266,"column":20},"end":{"line":266,"column":27}},"155":{"start":{"line":269,"column":34},"end":{"line":269,"column":67}},"156":{"start":{"line":271,"column":16},"end":{"line":290,"column":19}},"157":{"start":{"line":272,"column":20},"end":{"line":272,"column":39}},"158":{"start":{"line":272,"column":29},"end":{"line":272,"column":39}},"159":{"start":{"line":274,"column":20},"end":{"line":289,"column":21}},"160":{"start":{"line":275,"column":24},"end":{"line":286,"column":26}},"161":{"start":{"line":277,"column":28},"end":{"line":285,"column":29}},"162":{"start":{"line":278,"column":32},"end":{"line":281,"column":35}},"163":{"start":{"line":279,"column":36},"end":{"line":279,"column":67}},"164":{"start":{"line":280,"column":36},"end":{"line":280,"column":43}},"165":{"start":{"line":284,"column":32},"end":{"line":284,"column":101}},"166":{"start":{"line":288,"column":24},"end":{"line":288,"column":94}},"167":{"start":{"line":291,"column":16},"end":{"line":291,"column":22}},"168":{"start":{"line":293,"column":16},"end":{"line":293,"column":56}},"169":{"start":{"line":293,"column":47},"end":{"line":293,"column":54}},"170":{"start":{"line":294,"column":16},"end":{"line":302,"column":18}},"171":{"start":{"line":295,"column":20},"end":{"line":298,"column":21}},"172":{"start":{"line":296,"column":24},"end":{"line":296,"column":86}},"173":{"start":{"line":297,"column":24},"end":{"line":297,"column":31}},"174":{"start":{"line":300,"column":20},"end":{"line":300,"column":50}},"175":{"start":{"line":301,"column":20},"end":{"line":301,"column":31}},"176":{"start":{"line":303,"column":16},"end":{"line":303,"column":22}},"177":{"start":{"line":309,"column":0},"end":{"line":320,"column":2}},"178":{"start":{"line":310,"column":4},"end":{"line":319,"column":7}},"179":{"start":{"line":311,"column":18},"end":{"line":311,"column":86}},"180":{"start":{"line":313,"column":8},"end":{"line":318,"column":11}},"181":{"start":{"line":314,"column":12},"end":{"line":314,"column":31}},"182":{"start":{"line":314,"column":21},"end":{"line":314,"column":31}},"183":{"start":{"line":316,"column":12},"end":{"line":316,"column":28}},"184":{"start":{"line":317,"column":12},"end":{"line":317,"column":23}},"185":{"start":{"line":322,"column":0},"end":{"line":361,"column":3}},"186":{"start":{"line":323,"column":4},"end":{"line":323,"column":23}},"187":{"start":{"line":323,"column":13},"end":{"line":323,"column":23}},"188":{"start":{"line":324,"column":14},"end":{"line":324,"column":82}},"189":{"start":{"line":326,"column":4},"end":{"line":326,"column":37}},"190":{"start":{"line":327,"column":4},"end":{"line":327,"column":40}},"191":{"start":{"line":329,"column":4},"end":{"line":357,"column":7}},"192":{"start":{"line":330,"column":8},"end":{"line":330,"column":26}},"193":{"start":{"line":330,"column":16},"end":{"line":330,"column":26}},"194":{"start":{"line":332,"column":8},"end":{"line":356,"column":9}},"195":{"start":{"line":333,"column":12},"end":{"line":336,"column":13}},"196":{"start":{"line":334,"column":16},"end":{"line":334,"column":132}},"197":{"start":{"line":335,"column":16},"end":{"line":335,"column":33}},"198":{"start":{"line":337,"column":26},"end":{"line":337,"column":56}},"199":{"start":{"line":338,"column":25},"end":{"line":338,"column":61}},"200":{"start":{"line":340,"column":27},"end":{"line":340,"column":94}},"201":{"start":{"line":342,"column":12},"end":{"line":351,"column":14}},"202":{"start":{"line":343,"column":16},"end":{"line":349,"column":19}},"203":{"start":{"line":344,"column":20},"end":{"line":344,"column":39}},"204":{"start":{"line":344,"column":29},"end":{"line":344,"column":39}},"205":{"start":{"line":346,"column":20},"end":{"line":346,"column":74}},"206":{"start":{"line":348,"column":20},"end":{"line":348,"column":31}},"207":{"start":{"line":353,"column":15},"end":{"line":356,"column":9}},"208":{"start":{"line":354,"column":12},"end":{"line":354,"column":128}},"209":{"start":{"line":355,"column":12},"end":{"line":355,"column":29}},"210":{"start":{"line":363,"column":0},"end":{"line":378,"column":2}},"211":{"start":{"line":364,"column":4},"end":{"line":377,"column":6}},"212":{"start":{"line":365,"column":27},"end":{"line":367,"column":13}},"213":{"start":{"line":366,"column":12},"end":{"line":366,"column":40}},"214":{"start":{"line":370,"column":8},"end":{"line":376,"column":9}},"215":{"start":{"line":371,"column":12},"end":{"line":375,"column":15}},"216":{"start":{"line":372,"column":16},"end":{"line":374,"column":17}},"217":{"start":{"line":373,"column":20},"end":{"line":373,"column":70}},"218":{"start":{"line":380,"column":17},"end":{"line":394,"column":1}},"219":{"start":{"line":381,"column":4},"end":{"line":393,"column":5}},"220":{"start":{"line":382,"column":23},"end":{"line":382,"column":58}},"221":{"start":{"line":384,"column":8},"end":{"line":384,"column":70}},"222":{"start":{"line":386,"column":21},"end":{"line":386,"column":106}},"223":{"start":{"line":387,"column":21},"end":{"line":387,"column":124}},"224":{"start":{"line":388,"column":21},"end":{"line":388,"column":100}},"225":{"start":{"line":390,"column":8},"end":{"line":390,"column":47}},"226":{"start":{"line":392,"column":8},"end":{"line":392,"column":92}},"227":{"start":{"line":396,"column":0},"end":{"line":396,"column":43}},"228":{"start":{"line":397,"column":0},"end":{"line":397,"column":31}},"229":{"start":{"line":398,"column":0},"end":{"line":398,"column":35}},"230":{"start":{"line":399,"column":0},"end":{"line":399,"column":43}},"231":{"start":{"line":401,"column":0},"end":{"line":405,"column":1}},"232":{"start":{"line":402,"column":4},"end":{"line":402,"column":103}},"233":{"start":{"line":402,"column":40},"end":{"line":402,"column":102}},"234":{"start":{"line":404,"column":4},"end":{"line":404,"column":31}}},"fnMap":{"0":{"name":"(anonymous_0)","decl":{"start":{"line":37,"column":8},"end":{"line":37,"column":9}},"loc":{"start":{"line":37,"column":32},"end":{"line":43,"column":3}},"line":37},"1":{"name":"(anonymous_1)","decl":{"start":{"line":48,"column":13},"end":{"line":48,"column":14}},"loc":{"start":{"line":48,"column":27},"end":{"line":57,"column":1}},"line":48},"2":{"name":"(anonymous_2)","decl":{"start":{"line":50,"column":53},"end":{"line":50,"column":54}},"loc":{"start":{"line":50,"column":63},"end":{"line":56,"column":5}},"line":50},"3":{"name":"(anonymous_3)","decl":{"start":{"line":59,"column":21},"end":{"line":59,"column":22}},"loc":{"start":{"line":59,"column":35},"end":{"line":79,"column":1}},"line":59},"4":{"name":"(anonymous_4)","decl":{"start":{"line":70,"column":47},"end":{"line":70,"column":48}},"loc":{"start":{"line":70,"column":57},"end":{"line":76,"column":5}},"line":70},"5":{"name":"(anonymous_5)","decl":{"start":{"line":81,"column":19},"end":{"line":81,"column":20}},"loc":{"start":{"line":81,"column":33},"end":{"line":136,"column":1}},"line":81},"6":{"name":"(anonymous_6)","decl":{"start":{"line":86,"column":56},"end":{"line":86,"column":57}},"loc":{"start":{"line":86,"column":74},"end":{"line":135,"column":5}},"line":86},"7":{"name":"(anonymous_7)","decl":{"start":{"line":89,"column":62},"end":{"line":89,"column":63}},"loc":{"start":{"line":89,"column":84},"end":{"line":134,"column":9}},"line":89},"8":{"name":"(anonymous_8)","decl":{"start":{"line":95,"column":61},"end":{"line":95,"column":62}},"loc":{"start":{"line":95,"column":78},"end":{"line":129,"column":17}},"line":95},"9":{"name":"(anonymous_9)","decl":{"start":{"line":118,"column":107},"end":{"line":118,"column":108}},"loc":{"start":{"line":118,"column":121},"end":{"line":123,"column":25}},"line":118},"10":{"name":"(anonymous_10)","decl":{"start":{"line":138,"column":23},"end":{"line":138,"column":24}},"loc":{"start":{"line":138,"column":37},"end":{"line":183,"column":1}},"line":138},"11":{"name":"(anonymous_11)","decl":{"start":{"line":142,"column":56},"end":{"line":142,"column":57}},"loc":{"start":{"line":142,"column":74},"end":{"line":181,"column":5}},"line":142},"12":{"name":"(anonymous_12)","decl":{"start":{"line":145,"column":62},"end":{"line":145,"column":63}},"loc":{"start":{"line":145,"column":79},"end":{"line":179,"column":9}},"line":145},"13":{"name":"(anonymous_13)","decl":{"start":{"line":154,"column":53},"end":{"line":154,"column":54}},"loc":{"start":{"line":154,"column":62},"end":{"line":177,"column":13}},"line":154},"14":{"name":"(anonymous_14)","decl":{"start":{"line":166,"column":127},"end":{"line":166,"column":128}},"loc":{"start":{"line":166,"column":144},"end":{"line":170,"column":21}},"line":166},"15":{"name":"(anonymous_15)","decl":{"start":{"line":186,"column":43},"end":{"line":186,"column":44}},"loc":{"start":{"line":186,"column":57},"end":{"line":193,"column":1}},"line":186},"16":{"name":"(anonymous_16)","decl":{"start":{"line":195,"column":21},"end":{"line":195,"column":22}},"loc":{"start":{"line":195,"column":64},"end":{"line":231,"column":1}},"line":195},"17":{"name":"(anonymous_17)","decl":{"start":{"line":201,"column":56},"end":{"line":201,"column":57}},"loc":{"start":{"line":201,"column":74},"end":{"line":230,"column":5}},"line":201},"18":{"name":"(anonymous_18)","decl":{"start":{"line":207,"column":108},"end":{"line":207,"column":109}},"loc":{"start":{"line":207,"column":125},"end":{"line":229,"column":9}},"line":207},"19":{"name":"(anonymous_19)","decl":{"start":{"line":215,"column":49},"end":{"line":215,"column":50}},"loc":{"start":{"line":215,"column":70},"end":{"line":228,"column":13}},"line":215},"20":{"name":"(anonymous_20)","decl":{"start":{"line":217,"column":183},"end":{"line":217,"column":184}},"loc":{"start":{"line":217,"column":205},"end":{"line":227,"column":17}},"line":217},"21":{"name":"(anonymous_21)","decl":{"start":{"line":233,"column":26},"end":{"line":233,"column":27}},"loc":{"start":{"line":233,"column":40},"end":{"line":307,"column":1}},"line":233},"22":{"name":"(anonymous_22)","decl":{"start":{"line":236,"column":56},"end":{"line":236,"column":57}},"loc":{"start":{"line":236,"column":74},"end":{"line":305,"column":5}},"line":236},"23":{"name":"(anonymous_23)","decl":{"start":{"line":250,"column":98},"end":{"line":250,"column":99}},"loc":{"start":{"line":250,"column":115},"end":{"line":257,"column":17}},"line":250},"24":{"name":"(anonymous_24)","decl":{"start":{"line":271,"column":70},"end":{"line":271,"column":71}},"loc":{"start":{"line":271,"column":92},"end":{"line":290,"column":17}},"line":271},"25":{"name":"(anonymous_25)","decl":{"start":{"line":275,"column":64},"end":{"line":275,"column":65}},"loc":{"start":{"line":275,"column":81},"end":{"line":286,"column":25}},"line":275},"26":{"name":"(anonymous_26)","decl":{"start":{"line":278,"column":121},"end":{"line":278,"column":122}},"loc":{"start":{"line":278,"column":138},"end":{"line":281,"column":33}},"line":278},"27":{"name":"(anonymous_27)","decl":{"start":{"line":294,"column":81},"end":{"line":294,"column":82}},"loc":{"start":{"line":294,"column":98},"end":{"line":302,"column":17}},"line":294},"28":{"name":"(anonymous_28)","decl":{"start":{"line":309,"column":22},"end":{"line":309,"column":23}},"loc":{"start":{"line":309,"column":36},"end":{"line":320,"column":1}},"line":309},"29":{"name":"(anonymous_29)","decl":{"start":{"line":310,"column":56},"end":{"line":310,"column":57}},"loc":{"start":{"line":310,"column":74},"end":{"line":319,"column":5}},"line":310},"30":{"name":"(anonymous_30)","decl":{"start":{"line":313,"column":127},"end":{"line":313,"column":128}},"loc":{"start":{"line":313,"column":144},"end":{"line":318,"column":9}},"line":313},"31":{"name":"(anonymous_31)","decl":{"start":{"line":322,"column":52},"end":{"line":322,"column":53}},"loc":{"start":{"line":322,"column":70},"end":{"line":361,"column":1}},"line":322},"32":{"name":"(anonymous_32)","decl":{"start":{"line":329,"column":62},"end":{"line":329,"column":63}},"loc":{"start":{"line":329,"column":79},"end":{"line":357,"column":5}},"line":329},"33":{"name":"(anonymous_33)","decl":{"start":{"line":342,"column":49},"end":{"line":342,"column":50}},"loc":{"start":{"line":342,"column":70},"end":{"line":351,"column":13}},"line":342},"34":{"name":"(anonymous_34)","decl":{"start":{"line":343,"column":222},"end":{"line":343,"column":223}},"loc":{"start":{"line":343,"column":244},"end":{"line":349,"column":17}},"line":343},"35":{"name":"(anonymous_35)","decl":{"start":{"line":363,"column":20},"end":{"line":363,"column":21}},"loc":{"start":{"line":363,"column":32},"end":{"line":378,"column":1}},"line":363},"36":{"name":"(anonymous_36)","decl":{"start":{"line":364,"column":28},"end":{"line":364,"column":29}},"loc":{"start":{"line":364,"column":34},"end":{"line":377,"column":5}},"line":364},"37":{"name":"(anonymous_37)","decl":{"start":{"line":365,"column":47},"end":{"line":365,"column":48}},"loc":{"start":{"line":365,"column":52},"end":{"line":367,"column":9}},"line":365},"38":{"name":"(anonymous_38)","decl":{"start":{"line":371,"column":64},"end":{"line":371,"column":65}},"loc":{"start":{"line":371,"column":69},"end":{"line":375,"column":13}},"line":371},"39":{"name":"(anonymous_39)","decl":{"start":{"line":380,"column":17},"end":{"line":380,"column":18}},"loc":{"start":{"line":380,"column":39},"end":{"line":394,"column":1}},"line":380},"40":{"name":"(anonymous_40)","decl":{"start":{"line":402,"column":34},"end":{"line":402,"column":35}},"loc":{"start":{"line":402,"column":40},"end":{"line":402,"column":102}},"line":402}},"branchMap":{"0":{"loc":{"start":{"line":51,"column":8},"end":{"line":55,"column":9}},"type":"if","locations":[{"start":{"line":51,"column":8},"end":{"line":55,"column":9}},{"start":{"line":51,"column":8},"end":{"line":55,"column":9}}],"line":51},"1":{"loc":{"start":{"line":71,"column":8},"end":{"line":75,"column":9}},"type":"if","locations":[{"start":{"line":71,"column":8},"end":{"line":75,"column":9}},{"start":{"line":71,"column":8},"end":{"line":75,"column":9}}],"line":71},"2":{"loc":{"start":{"line":87,"column":8},"end":{"line":87,"column":27}},"type":"if","locations":[{"start":{"line":87,"column":8},"end":{"line":87,"column":27}},{"start":{"line":87,"column":8},"end":{"line":87,"column":27}}],"line":87},"3":{"loc":{"start":{"line":88,"column":24},"end":{"line":88,"column":85}},"type":"cond-expr","locations":[{"start":{"line":88,"column":57},"end":{"line":88,"column":70}},{"start":{"line":88,"column":73},"end":{"line":88,"column":85}}],"line":88},"4":{"loc":{"start":{"line":90,"column":12},"end":{"line":90,"column":31}},"type":"if","locations":[{"start":{"line":90,"column":12},"end":{"line":90,"column":31}},{"start":{"line":90,"column":12},"end":{"line":90,"column":31}}],"line":90},"5":{"loc":{"start":{"line":92,"column":12},"end":{"line":132,"column":13}},"type":"if","locations":[{"start":{"line":92,"column":12},"end":{"line":132,"column":13}},{"start":{"line":92,"column":12},"end":{"line":132,"column":13}}],"line":92},"6":{"loc":{"start":{"line":97,"column":20},"end":{"line":128,"column":21}},"type":"if","locations":[{"start":{"line":97,"column":20},"end":{"line":128,"column":21}},{"start":{"line":97,"column":20},"end":{"line":128,"column":21}}],"line":97},"7":{"loc":{"start":{"line":105,"column":37},"end":{"line":105,"column":122}},"type":"cond-expr","locations":[{"start":{"line":105,"column":78},"end":{"line":105,"column":84}},{"start":{"line":105,"column":87},"end":{"line":105,"column":122}}],"line":105},"8":{"loc":{"start":{"line":106,"column":37},"end":{"line":106,"column":140}},"type":"cond-expr","locations":[{"start":{"line":106,"column":96},"end":{"line":106,"column":102}},{"start":{"line":106,"column":105},"end":{"line":106,"column":140}}],"line":106},"9":{"loc":{"start":{"line":106,"column":37},"end":{"line":106,"column":93}},"type":"binary-expr","locations":[{"start":{"line":106,"column":37},"end":{"line":106,"column":51}},{"start":{"line":106,"column":55},"end":{"line":106,"column":93}}],"line":106},"10":{"loc":{"start":{"line":107,"column":37},"end":{"line":107,"column":116}},"type":"cond-expr","locations":[{"start":{"line":107,"column":72},"end":{"line":107,"column":78}},{"start":{"line":107,"column":81},"end":{"line":107,"column":116}}],"line":107},"11":{"loc":{"start":{"line":107,"column":37},"end":{"line":107,"column":69}},"type":"binary-expr","locations":[{"start":{"line":107,"column":37},"end":{"line":107,"column":51}},{"start":{"line":107,"column":55},"end":{"line":107,"column":69}}],"line":107},"12":{"loc":{"start":{"line":111,"column":24},"end":{"line":111,"column":143}},"type":"if","locations":[{"start":{"line":111,"column":24},"end":{"line":111,"column":143}},{"start":{"line":111,"column":24},"end":{"line":111,"column":143}}],"line":111},"13":{"loc":{"start":{"line":113,"column":24},"end":{"line":117,"column":25}},"type":"if","locations":[{"start":{"line":113,"column":24},"end":{"line":117,"column":25}},{"start":{"line":113,"column":24},"end":{"line":117,"column":25}}],"line":113},"14":{"loc":{"start":{"line":119,"column":28},"end":{"line":119,"column":79}},"type":"if","locations":[{"start":{"line":119,"column":28},"end":{"line":119,"column":79}},{"start":{"line":119,"column":28},"end":{"line":119,"column":79}}],"line":119},"15":{"loc":{"start":{"line":119,"column":36},"end":{"line":119,"column":79}},"type":"if","locations":[{"start":{"line":119,"column":36},"end":{"line":119,"column":79}},{"start":{"line":119,"column":36},"end":{"line":119,"column":79}}],"line":119},"16":{"loc":{"start":{"line":143,"column":8},"end":{"line":143,"column":27}},"type":"if","locations":[{"start":{"line":143,"column":8},"end":{"line":143,"column":27}},{"start":{"line":143,"column":8},"end":{"line":143,"column":27}}],"line":143},"17":{"loc":{"start":{"line":144,"column":24},"end":{"line":144,"column":85}},"type":"cond-expr","locations":[{"start":{"line":144,"column":57},"end":{"line":144,"column":70}},{"start":{"line":144,"column":73},"end":{"line":144,"column":85}}],"line":144},"18":{"loc":{"start":{"line":155,"column":16},"end":{"line":159,"column":17}},"type":"if","locations":[{"start":{"line":155,"column":16},"end":{"line":159,"column":17}},{"start":{"line":155,"column":16},"end":{"line":159,"column":17}}],"line":155},"19":{"loc":{"start":{"line":156,"column":86},"end":{"line":156,"column":148}},"type":"binary-expr","locations":[{"start":{"line":156,"column":86},"end":{"line":156,"column":116}},{"start":{"line":156,"column":120},"end":{"line":156,"column":148}}],"line":156},"20":{"loc":{"start":{"line":161,"column":16},"end":{"line":176,"column":17}},"type":"if","locations":[{"start":{"line":161,"column":16},"end":{"line":176,"column":17}},{"start":{"line":161,"column":16},"end":{"line":176,"column":17}}],"line":161},"21":{"loc":{"start":{"line":167,"column":24},"end":{"line":167,"column":67}},"type":"if","locations":[{"start":{"line":167,"column":24},"end":{"line":167,"column":67}},{"start":{"line":167,"column":24},"end":{"line":167,"column":67}}],"line":167},"22":{"loc":{"start":{"line":188,"column":21},"end":{"line":188,"column":73}},"type":"binary-expr","locations":[{"start":{"line":188,"column":21},"end":{"line":188,"column":38}},{"start":{"line":188,"column":42},"end":{"line":188,"column":73}}],"line":188},"23":{"loc":{"start":{"line":190,"column":21},"end":{"line":190,"column":40}},"type":"binary-expr","locations":[{"start":{"line":190,"column":21},"end":{"line":190,"column":35}},{"start":{"line":190,"column":39},"end":{"line":190,"column":40}}],"line":190},"24":{"loc":{"start":{"line":196,"column":4},"end":{"line":199,"column":5}},"type":"if","locations":[{"start":{"line":196,"column":4},"end":{"line":199,"column":5}},{"start":{"line":196,"column":4},"end":{"line":199,"column":5}}],"line":196},"25":{"loc":{"start":{"line":196,"column":7},"end":{"line":196,"column":97}},"type":"binary-expr","locations":[{"start":{"line":196,"column":7},"end":{"line":196,"column":28}},{"start":{"line":196,"column":32},"end":{"line":196,"column":53}},{"start":{"line":196,"column":57},"end":{"line":196,"column":75}},{"start":{"line":196,"column":79},"end":{"line":196,"column":97}}],"line":196},"26":{"loc":{"start":{"line":202,"column":8},"end":{"line":202,"column":27}},"type":"if","locations":[{"start":{"line":202,"column":8},"end":{"line":202,"column":27}},{"start":{"line":202,"column":8},"end":{"line":202,"column":27}}],"line":202},"27":{"loc":{"start":{"line":203,"column":24},"end":{"line":203,"column":85}},"type":"cond-expr","locations":[{"start":{"line":203,"column":57},"end":{"line":203,"column":70}},{"start":{"line":203,"column":73},"end":{"line":203,"column":85}}],"line":203},"28":{"loc":{"start":{"line":208,"column":12},"end":{"line":211,"column":13}},"type":"if","locations":[{"start":{"line":208,"column":12},"end":{"line":211,"column":13}},{"start":{"line":208,"column":12},"end":{"line":211,"column":13}}],"line":208},"29":{"loc":{"start":{"line":218,"column":20},"end":{"line":218,"column":39}},"type":"if","locations":[{"start":{"line":218,"column":20},"end":{"line":218,"column":39}},{"start":{"line":218,"column":20},"end":{"line":218,"column":39}}],"line":218},"30":{"loc":{"start":{"line":237,"column":8},"end":{"line":237,"column":27}},"type":"if","locations":[{"start":{"line":237,"column":8},"end":{"line":237,"column":27}},{"start":{"line":237,"column":8},"end":{"line":237,"column":27}}],"line":237},"31":{"loc":{"start":{"line":238,"column":24},"end":{"line":238,"column":85}},"type":"cond-expr","locations":[{"start":{"line":238,"column":57},"end":{"line":238,"column":70}},{"start":{"line":238,"column":73},"end":{"line":238,"column":85}}],"line":238},"32":{"loc":{"start":{"line":240,"column":8},"end":{"line":304,"column":9}},"type":"switch","locations":[{"start":{"line":241,"column":12},"end":{"line":258,"column":22}},{"start":{"line":259,"column":12},"end":{"line":291,"column":22}},{"start":{"line":292,"column":12},"end":{"line":303,"column":22}}],"line":240},"33":{"loc":{"start":{"line":245,"column":16},"end":{"line":248,"column":17}},"type":"if","locations":[{"start":{"line":245,"column":16},"end":{"line":248,"column":17}},{"start":{"line":245,"column":16},"end":{"line":248,"column":17}}],"line":245},"34":{"loc":{"start":{"line":245,"column":19},"end":{"line":245,"column":62}},"type":"binary-expr","locations":[{"start":{"line":245,"column":19},"end":{"line":245,"column":40}},{"start":{"line":245,"column":44},"end":{"line":245,"column":62}}],"line":245},"35":{"loc":{"start":{"line":251,"column":20},"end":{"line":254,"column":21}},"type":"if","locations":[{"start":{"line":251,"column":20},"end":{"line":254,"column":21}},{"start":{"line":251,"column":20},"end":{"line":254,"column":21}}],"line":251},"36":{"loc":{"start":{"line":264,"column":16},"end":{"line":267,"column":17}},"type":"if","locations":[{"start":{"line":264,"column":16},"end":{"line":267,"column":17}},{"start":{"line":264,"column":16},"end":{"line":267,"column":17}}],"line":264},"37":{"loc":{"start":{"line":264,"column":19},"end":{"line":264,"column":81}},"type":"binary-expr","locations":[{"start":{"line":264,"column":19},"end":{"line":264,"column":40}},{"start":{"line":264,"column":44},"end":{"line":264,"column":60}},{"start":{"line":264,"column":64},"end":{"line":264,"column":81}}],"line":264},"38":{"loc":{"start":{"line":272,"column":20},"end":{"line":272,"column":39}},"type":"if","locations":[{"start":{"line":272,"column":20},"end":{"line":272,"column":39}},{"start":{"line":272,"column":20},"end":{"line":272,"column":39}}],"line":272},"39":{"loc":{"start":{"line":274,"column":20},"end":{"line":289,"column":21}},"type":"if","locations":[{"start":{"line":274,"column":20},"end":{"line":289,"column":21}},{"start":{"line":274,"column":20},"end":{"line":289,"column":21}}],"line":274},"40":{"loc":{"start":{"line":277,"column":28},"end":{"line":285,"column":29}},"type":"if","locations":[{"start":{"line":277,"column":28},"end":{"line":285,"column":29}},{"start":{"line":277,"column":28},"end":{"line":285,"column":29}}],"line":277},"41":{"loc":{"start":{"line":293,"column":16},"end":{"line":293,"column":56}},"type":"if","locations":[{"start":{"line":293,"column":16},"end":{"line":293,"column":56}},{"start":{"line":293,"column":16},"end":{"line":293,"column":56}}],"line":293},"42":{"loc":{"start":{"line":295,"column":20},"end":{"line":298,"column":21}},"type":"if","locations":[{"start":{"line":295,"column":20},"end":{"line":298,"column":21}},{"start":{"line":295,"column":20},"end":{"line":298,"column":21}}],"line":295},"43":{"loc":{"start":{"line":295,"column":23},"end":{"line":295,"column":75}},"type":"binary-expr","locations":[{"start":{"line":295,"column":23},"end":{"line":295,"column":43}},{"start":{"line":295,"column":47},"end":{"line":295,"column":75}}],"line":295},"44":{"loc":{"start":{"line":311,"column":24},"end":{"line":311,"column":85}},"type":"cond-expr","locations":[{"start":{"line":311,"column":57},"end":{"line":311,"column":70}},{"start":{"line":311,"column":73},"end":{"line":311,"column":85}}],"line":311},"45":{"loc":{"start":{"line":314,"column":12},"end":{"line":314,"column":31}},"type":"if","locations":[{"start":{"line":314,"column":12},"end":{"line":314,"column":31}},{"start":{"line":314,"column":12},"end":{"line":314,"column":31}}],"line":314},"46":{"loc":{"start":{"line":323,"column":4},"end":{"line":323,"column":23}},"type":"if","locations":[{"start":{"line":323,"column":4},"end":{"line":323,"column":23}},{"start":{"line":323,"column":4},"end":{"line":323,"column":23}}],"line":323},"47":{"loc":{"start":{"line":324,"column":20},"end":{"line":324,"column":81}},"type":"cond-expr","locations":[{"start":{"line":324,"column":53},"end":{"line":324,"column":66}},{"start":{"line":324,"column":69},"end":{"line":324,"column":81}}],"line":324},"48":{"loc":{"start":{"line":330,"column":8},"end":{"line":330,"column":26}},"type":"if","locations":[{"start":{"line":330,"column":8},"end":{"line":330,"column":26}},{"start":{"line":330,"column":8},"end":{"line":330,"column":26}}],"line":330},"49":{"loc":{"start":{"line":332,"column":8},"end":{"line":356,"column":9}},"type":"if","locations":[{"start":{"line":332,"column":8},"end":{"line":356,"column":9}},{"start":{"line":332,"column":8},"end":{"line":356,"column":9}}],"line":332},"50":{"loc":{"start":{"line":333,"column":12},"end":{"line":336,"column":13}},"type":"if","locations":[{"start":{"line":333,"column":12},"end":{"line":336,"column":13}},{"start":{"line":333,"column":12},"end":{"line":336,"column":13}}],"line":333},"51":{"loc":{"start":{"line":333,"column":15},"end":{"line":333,"column":82}},"type":"binary-expr","locations":[{"start":{"line":333,"column":15},"end":{"line":333,"column":50}},{"start":{"line":333,"column":54},"end":{"line":333,"column":82}}],"line":333},"52":{"loc":{"start":{"line":344,"column":20},"end":{"line":344,"column":39}},"type":"if","locations":[{"start":{"line":344,"column":20},"end":{"line":344,"column":39}},{"start":{"line":344,"column":20},"end":{"line":344,"column":39}}],"line":344},"53":{"loc":{"start":{"line":353,"column":15},"end":{"line":356,"column":9}},"type":"if","locations":[{"start":{"line":353,"column":15},"end":{"line":356,"column":9}},{"start":{"line":353,"column":15},"end":{"line":356,"column":9}}],"line":353},"54":{"loc":{"start":{"line":353,"column":18},"end":{"line":353,"column":71}},"type":"binary-expr","locations":[{"start":{"line":353,"column":18},"end":{"line":353,"column":39}},{"start":{"line":353,"column":43},"end":{"line":353,"column":71}}],"line":353},"55":{"loc":{"start":{"line":370,"column":8},"end":{"line":376,"column":9}},"type":"if","locations":[{"start":{"line":370,"column":8},"end":{"line":376,"column":9}},{"start":{"line":370,"column":8},"end":{"line":376,"column":9}}],"line":370},"56":{"loc":{"start":{"line":372,"column":16},"end":{"line":374,"column":17}},"type":"if","locations":[{"start":{"line":372,"column":16},"end":{"line":374,"column":17}},{"start":{"line":372,"column":16},"end":{"line":374,"column":17}}],"line":372},"57":{"loc":{"start":{"line":381,"column":4},"end":{"line":393,"column":5}},"type":"if","locations":[{"start":{"line":381,"column":4},"end":{"line":393,"column":5}},{"start":{"line":381,"column":4},"end":{"line":393,"column":5}}],"line":381},"58":{"loc":{"start":{"line":386,"column":21},"end":{"line":386,"column":106}},"type":"cond-expr","locations":[{"start":{"line":386,"column":62},"end":{"line":386,"column":68}},{"start":{"line":386,"column":71},"end":{"line":386,"column":106}}],"line":386},"59":{"loc":{"start":{"line":387,"column":21},"end":{"line":387,"column":124}},"type":"cond-expr","locations":[{"start":{"line":387,"column":80},"end":{"line":387,"column":86}},{"start":{"line":387,"column":89},"end":{"line":387,"column":124}}],"line":387},"60":{"loc":{"start":{"line":387,"column":21},"end":{"line":387,"column":77}},"type":"binary-expr","locations":[{"start":{"line":387,"column":21},"end":{"line":387,"column":35}},{"start":{"line":387,"column":39},"end":{"line":387,"column":77}}],"line":387},"61":{"loc":{"start":{"line":388,"column":21},"end":{"line":388,"column":100}},"type":"cond-expr","locations":[{"start":{"line":388,"column":56},"end":{"line":388,"column":62}},{"start":{"line":388,"column":65},"end":{"line":388,"column":100}}],"line":388},"62":{"loc":{"start":{"line":388,"column":21},"end":{"line":388,"column":53}},"type":"binary-expr","locations":[{"start":{"line":388,"column":21},"end":{"line":388,"column":35}},{"start":{"line":388,"column":39},"end":{"line":388,"column":53}}],"line":388},"63":{"loc":{"start":{"line":401,"column":0},"end":{"line":405,"column":1}},"type":"if","locations":[{"start":{"line":401,"column":0},"end":{"line":405,"column":1}},{"start":{"line":401,"column":0},"end":{"line":405,"column":1}}],"line":401}},"s":{"0":1,"1":1,"2":1,"3":1,"4":1,"5":1,"6":1,"7":1,"8":1,"9":1,"10":1,"11":1,"12":1,"13":1,"14":1,"15":1,"16":1,"17":1,"18":1,"19":1,"20":1,"21":1,"22":1,"23":1,"24":18,"25":18,"26":18,"27":18,"28":18,"29":1,"30":1,"31":1,"32":1,"33":1,"34":0,"35":1,"36":1,"37":0,"38":0,"39":0,"40":0,"41":0,"42":1,"43":2,"44":2,"45":2,"46":2,"47":2,"48":0,"49":2,"50":2,"51":2,"52":0,"53":2,"54":2,"55":2,"56":1,"57":1,"58":1,"59":1,"60":1,"61":1,"62":1,"63":1,"64":1,"65":0,"66":1,"67":1,"68":0,"69":1,"70":1,"71":0,"72":0,"73":1,"74":1,"75":0,"76":1,"77":2,"78":2,"79":2,"80":2,"81":0,"82":2,"83":2,"84":2,"85":2,"86":2,"87":2,"88":0,"89":0,"90":0,"91":2,"92":1,"93":1,"94":1,"95":1,"96":0,"97":1,"98":1,"99":1,"100":1,"101":1,"102":3,"103":3,"104":3,"105":3,"106":3,"107":1,"108":3,"109":1,"110":1,"111":2,"112":2,"113":0,"114":2,"115":2,"116":2,"117":2,"118":2,"119":1,"120":1,"121":1,"122":1,"123":1,"124":1,"125":0,"126":1,"127":1,"128":1,"129":1,"130":1,"131":1,"132":9,"133":9,"134":9,"135":0,"136":9,"137":9,"138":3,"139":3,"140":3,"141":1,"142":1,"143":2,"144":2,"145":1,"146":1,"147":1,"148":2,"149":4,"150":4,"151":4,"152":4,"153":1,"154":1,"155":3,"156":3,"157":3,"158":0,"159":3,"160":2,"161":2,"162":1,"163":1,"164":1,"165":1,"166":1,"167":3,"168":2,"169":0,"170":2,"171":2,"172":1,"173":1,"174":1,"175":1,"176":2,"177":1,"178":0,"179":0,"180":0,"181":0,"182":0,"183":0,"184":0,"185":1,"186":1,"187":0,"188":1,"189":1,"190":1,"191":1,"192":1,"193":0,"194":1,"195":0,"196":0,"197":0,"198":0,"199":0,"200":0,"201":0,"202":0,"203":0,"204":0,"205":0,"206":0,"207":1,"208":0,"209":0,"210":1,"211":0,"212":0,"213":0,"214":0,"215":0,"216":0,"217":0,"218":1,"219":0,"220":0,"221":0,"222":0,"223":0,"224":0,"225":0,"226":0,"227":1,"228":1,"229":1,"230":1,"231":1,"232":0,"233":0,"234":1},"f":{"0":18,"1":1,"2":1,"3":0,"4":0,"5":2,"6":2,"7":2,"8":2,"9":1,"10":2,"11":2,"12":2,"13":2,"14":1,"15":3,"16":3,"17":2,"18":2,"19":1,"20":1,"21":9,"22":9,"23":2,"24":3,"25":2,"26":1,"27":2,"28":0,"29":0,"30":0,"31":1,"32":1,"33":0,"34":0,"35":0,"36":0,"37":0,"38":0,"39":0,"40":0},"b":{"0":[0,1],"1":[0,0],"2":[0,2],"3":[2,0],"4":[0,2],"5":[2,0],"6":[1,1],"7":[0,1],"8":[1,0],"9":[1,1],"10":[0,1],"11":[1,1],"12":[0,1],"13":[1,0],"14":[0,1],"15":[0,0],"16":[0,2],"17":[2,0],"18":[0,2],"19":[0,0],"20":[1,1],"21":[0,1],"22":[3,1],"23":[3,3],"24":[1,2],"25":[3,2,2,2],"26":[0,2],"27":[2,0],"28":[1,1],"29":[0,1],"30":[0,9],"31":[9,0],"32":[3,4,2],"33":[1,2],"34":[3,2],"35":[1,1],"36":[1,3],"37":[4,3,3],"38":[0,3],"39":[2,1],"40":[1,1],"41":[0,2],"42":[1,1],"43":[2,1],"44":[0,0],"45":[0,0],"46":[0,1],"47":[1,0],"48":[0,1],"49":[0,1],"50":[0,0],"51":[0,0],"52":[0,0],"53":[0,1],"54":[1,1],"55":[0,0],"56":[0,0],"57":[0,0],"58":[0,0],"59":[0,0],"60":[0,0],"61":[0,0],"62":[0,0],"63":[0,1]},"_coverageSchema":"1a1c01bbd47fc00a2c39e90264f33305004495a9","hash":"d6bb27280f1a70efd71e7335d8225a49eed0ac10"}
,"E:\\Kenton Vizdos\\Documents\\HOME Router\\PRAUXY\\auth\\confirmAuth.js": {"path":"E:\\Kenton Vizdos\\Documents\\HOME Router\\PRAUXY\\auth\\confirmAuth.js","statementMap":{"0":{"start":{"line":1,"column":19},"end":{"line":1,"column":21}},"1":{"start":{"line":2,"column":20},"end":{"line":2,"column":52}},"2":{"start":{"line":3,"column":16},"end":{"line":3,"column":45}},"3":{"start":{"line":4,"column":14},"end":{"line":4,"column":40}},"4":{"start":{"line":5,"column":21},"end":{"line":5,"column":48}},"5":{"start":{"line":7,"column":20},"end":{"line":7,"column":50}},"6":{"start":{"line":9,"column":12},"end":{"line":9,"column":28}},"7":{"start":{"line":12,"column":15},"end":{"line":12,"column":17}},"8":{"start":{"line":13,"column":13},"end":{"line":13,"column":35}},"9":{"start":{"line":15,"column":4},"end":{"line":18,"column":7}},"10":{"start":{"line":16,"column":20},"end":{"line":16,"column":37}},"11":{"start":{"line":17,"column":8},"end":{"line":17,"column":64}},"12":{"start":{"line":20,"column":4},"end":{"line":20,"column":16}},"13":{"start":{"line":26,"column":8},"end":{"line":26,"column":50}},"14":{"start":{"line":27,"column":8},"end":{"line":27,"column":28}},"15":{"start":{"line":32,"column":24},"end":{"line":32,"column":41}},"16":{"start":{"line":34,"column":25},"end":{"line":34,"column":68}},"17":{"start":{"line":36,"column":8},"end":{"line":43,"column":9}},"18":{"start":{"line":37,"column":12},"end":{"line":37,"column":92}},"19":{"start":{"line":38,"column":12},"end":{"line":38,"column":25}},"20":{"start":{"line":40,"column":12},"end":{"line":40,"column":41}},"21":{"start":{"line":40,"column":34},"end":{"line":40,"column":41}},"22":{"start":{"line":42,"column":12},"end":{"line":42,"column":24}},"23":{"start":{"line":47,"column":22},"end":{"line":47,"column":26}},"24":{"start":{"line":48,"column":8},"end":{"line":67,"column":11}},"25":{"start":{"line":49,"column":12},"end":{"line":66,"column":15}},"26":{"start":{"line":50,"column":26},"end":{"line":50,"column":94}},"27":{"start":{"line":51,"column":16},"end":{"line":65,"column":18}},"28":{"start":{"line":52,"column":20},"end":{"line":64,"column":21}},"29":{"start":{"line":53,"column":24},"end":{"line":61,"column":25}},"30":{"start":{"line":54,"column":28},"end":{"line":58,"column":29}},"31":{"start":{"line":55,"column":32},"end":{"line":55,"column":45}},"32":{"start":{"line":57,"column":32},"end":{"line":57,"column":46}},"33":{"start":{"line":60,"column":28},"end":{"line":60,"column":41}},"34":{"start":{"line":63,"column":24},"end":{"line":63,"column":37}},"35":{"start":{"line":72,"column":8},"end":{"line":72,"column":52}},"36":{"start":{"line":72,"column":35},"end":{"line":72,"column":52}},"37":{"start":{"line":74,"column":20},"end":{"line":74,"column":43}},"38":{"start":{"line":75,"column":19},"end":{"line":75,"column":42}},"39":{"start":{"line":76,"column":25},"end":{"line":76,"column":48}},"40":{"start":{"line":78,"column":22},"end":{"line":78,"column":26}},"41":{"start":{"line":81,"column":8},"end":{"line":81,"column":50}},"42":{"start":{"line":81,"column":37},"end":{"line":81,"column":50}},"43":{"start":{"line":83,"column":8},"end":{"line":122,"column":10}},"44":{"start":{"line":84,"column":12},"end":{"line":121,"column":14}},"45":{"start":{"line":85,"column":16},"end":{"line":85,"column":111}},"46":{"start":{"line":86,"column":16},"end":{"line":88,"column":17}},"47":{"start":{"line":87,"column":20},"end":{"line":87,"column":41}},"48":{"start":{"line":89,"column":16},"end":{"line":120,"column":18}},"49":{"start":{"line":90,"column":20},"end":{"line":119,"column":21}},"50":{"start":{"line":91,"column":40},"end":{"line":95,"column":25}},"51":{"start":{"line":92,"column":28},"end":{"line":94,"column":30}},"52":{"start":{"line":93,"column":32},"end":{"line":93,"column":43}},"53":{"start":{"line":97,"column":24},"end":{"line":118,"column":25}},"54":{"start":{"line":98,"column":28},"end":{"line":98,"column":37}},"55":{"start":{"line":100,"column":28},"end":{"line":117,"column":31}},"56":{"start":{"line":101,"column":32},"end":{"line":101,"column":51}},"57":{"start":{"line":101,"column":41},"end":{"line":101,"column":51}},"58":{"start":{"line":102,"column":42},"end":{"line":102,"column":110}},"59":{"start":{"line":104,"column":32},"end":{"line":116,"column":34}},"60":{"start":{"line":105,"column":36},"end":{"line":105,"column":54}},"61":{"start":{"line":105,"column":44},"end":{"line":105,"column":54}},"62":{"start":{"line":106,"column":36},"end":{"line":114,"column":37}},"63":{"start":{"line":107,"column":40},"end":{"line":107,"column":109}},"64":{"start":{"line":109,"column":40},"end":{"line":109,"column":114}},"65":{"start":{"line":111,"column":40},"end":{"line":111,"column":50}},"66":{"start":{"line":113,"column":40},"end":{"line":113,"column":55}},"67":{"start":{"line":126,"column":0},"end":{"line":126,"column":31}}},"fnMap":{"0":{"name":"parseCookies","decl":{"start":{"line":11,"column":9},"end":{"line":11,"column":21}},"loc":{"start":{"line":11,"column":32},"end":{"line":21,"column":1}},"line":11},"1":{"name":"(anonymous_1)","decl":{"start":{"line":15,"column":32},"end":{"line":15,"column":33}},"loc":{"start":{"line":15,"column":51},"end":{"line":18,"column":5}},"line":15},"2":{"name":"(anonymous_2)","decl":{"start":{"line":25,"column":4},"end":{"line":25,"column":5}},"loc":{"start":{"line":25,"column":23},"end":{"line":29,"column":5}},"line":25},"3":{"name":"(anonymous_3)","decl":{"start":{"line":31,"column":4},"end":{"line":31,"column":5}},"loc":{"start":{"line":31,"column":40},"end":{"line":44,"column":5}},"line":31},"4":{"name":"(anonymous_4)","decl":{"start":{"line":46,"column":4},"end":{"line":46,"column":5}},"loc":{"start":{"line":46,"column":43},"end":{"line":68,"column":5}},"line":46},"5":{"name":"(anonymous_5)","decl":{"start":{"line":48,"column":27},"end":{"line":48,"column":28}},"loc":{"start":{"line":48,"column":48},"end":{"line":67,"column":9}},"line":48},"6":{"name":"(anonymous_6)","decl":{"start":{"line":49,"column":64},"end":{"line":49,"column":65}},"loc":{"start":{"line":49,"column":82},"end":{"line":66,"column":13}},"line":49},"7":{"name":"(anonymous_7)","decl":{"start":{"line":51,"column":73},"end":{"line":51,"column":74}},"loc":{"start":{"line":51,"column":93},"end":{"line":65,"column":17}},"line":51},"8":{"name":"(anonymous_8)","decl":{"start":{"line":70,"column":4},"end":{"line":70,"column":5}},"loc":{"start":{"line":70,"column":45},"end":{"line":123,"column":5}},"line":70},"9":{"name":"(anonymous_9)","decl":{"start":{"line":83,"column":27},"end":{"line":83,"column":28}},"loc":{"start":{"line":83,"column":48},"end":{"line":122,"column":9}},"line":83},"10":{"name":"(anonymous_10)","decl":{"start":{"line":84,"column":52},"end":{"line":84,"column":53}},"loc":{"start":{"line":84,"column":68},"end":{"line":121,"column":13}},"line":84},"11":{"name":"(anonymous_11)","decl":{"start":{"line":89,"column":72},"end":{"line":89,"column":73}},"loc":{"start":{"line":89,"column":84},"end":{"line":120,"column":17}},"line":89},"12":{"name":"(anonymous_12)","decl":{"start":{"line":91,"column":40},"end":{"line":91,"column":41}},"loc":{"start":{"line":91,"column":46},"end":{"line":95,"column":25}},"line":91},"13":{"name":"(anonymous_13)","decl":{"start":{"line":92,"column":85},"end":{"line":92,"column":86}},"loc":{"start":{"line":92,"column":90},"end":{"line":94,"column":29}},"line":92},"14":{"name":"(anonymous_14)","decl":{"start":{"line":100,"column":80},"end":{"line":100,"column":81}},"loc":{"start":{"line":100,"column":98},"end":{"line":117,"column":29}},"line":100},"15":{"name":"(anonymous_15)","decl":{"start":{"line":104,"column":96},"end":{"line":104,"column":97}},"loc":{"start":{"line":104,"column":108},"end":{"line":116,"column":33}},"line":104}},"branchMap":{"0":{"loc":{"start":{"line":15,"column":4},"end":{"line":18,"column":6}},"type":"binary-expr","locations":[{"start":{"line":15,"column":4},"end":{"line":15,"column":6}},{"start":{"line":15,"column":10},"end":{"line":18,"column":6}}],"line":15},"1":{"loc":{"start":{"line":31,"column":22},"end":{"line":31,"column":38}},"type":"default-arg","locations":[{"start":{"line":31,"column":29},"end":{"line":31,"column":38}}],"line":31},"2":{"loc":{"start":{"line":36,"column":8},"end":{"line":43,"column":9}},"type":"if","locations":[{"start":{"line":36,"column":8},"end":{"line":43,"column":9}},{"start":{"line":36,"column":8},"end":{"line":43,"column":9}}],"line":36},"3":{"loc":{"start":{"line":36,"column":11},"end":{"line":36,"column":46}},"type":"binary-expr","locations":[{"start":{"line":36,"column":11},"end":{"line":36,"column":28}},{"start":{"line":36,"column":32},"end":{"line":36,"column":46}}],"line":36},"4":{"loc":{"start":{"line":40,"column":12},"end":{"line":40,"column":41}},"type":"if","locations":[{"start":{"line":40,"column":12},"end":{"line":40,"column":41}},{"start":{"line":40,"column":12},"end":{"line":40,"column":41}}],"line":40},"5":{"loc":{"start":{"line":50,"column":32},"end":{"line":50,"column":93}},"type":"cond-expr","locations":[{"start":{"line":50,"column":65},"end":{"line":50,"column":78}},{"start":{"line":50,"column":81},"end":{"line":50,"column":93}}],"line":50},"6":{"loc":{"start":{"line":52,"column":20},"end":{"line":64,"column":21}},"type":"if","locations":[{"start":{"line":52,"column":20},"end":{"line":64,"column":21}},{"start":{"line":52,"column":20},"end":{"line":64,"column":21}}],"line":52},"7":{"loc":{"start":{"line":53,"column":24},"end":{"line":61,"column":25}},"type":"if","locations":[{"start":{"line":53,"column":24},"end":{"line":61,"column":25}},{"start":{"line":53,"column":24},"end":{"line":61,"column":25}}],"line":53},"8":{"loc":{"start":{"line":54,"column":28},"end":{"line":58,"column":29}},"type":"if","locations":[{"start":{"line":54,"column":28},"end":{"line":58,"column":29}},{"start":{"line":54,"column":28},"end":{"line":58,"column":29}}],"line":54},"9":{"loc":{"start":{"line":54,"column":31},"end":{"line":54,"column":95}},"type":"binary-expr","locations":[{"start":{"line":54,"column":31},"end":{"line":54,"column":65}},{"start":{"line":54,"column":69},"end":{"line":54,"column":95}}],"line":54},"10":{"loc":{"start":{"line":70,"column":28},"end":{"line":70,"column":43}},"type":"default-arg","locations":[{"start":{"line":70,"column":38},"end":{"line":70,"column":43}}],"line":70},"11":{"loc":{"start":{"line":72,"column":8},"end":{"line":72,"column":52}},"type":"if","locations":[{"start":{"line":72,"column":8},"end":{"line":72,"column":52}},{"start":{"line":72,"column":8},"end":{"line":72,"column":52}}],"line":72},"12":{"loc":{"start":{"line":81,"column":8},"end":{"line":81,"column":50}},"type":"if","locations":[{"start":{"line":81,"column":8},"end":{"line":81,"column":50}},{"start":{"line":81,"column":8},"end":{"line":81,"column":50}}],"line":81},"13":{"loc":{"start":{"line":85,"column":31},"end":{"line":85,"column":110}},"type":"cond-expr","locations":[{"start":{"line":85,"column":66},"end":{"line":85,"column":103}},{"start":{"line":85,"column":106},"end":{"line":85,"column":110}}],"line":85},"14":{"loc":{"start":{"line":86,"column":16},"end":{"line":88,"column":17}},"type":"if","locations":[{"start":{"line":86,"column":16},"end":{"line":88,"column":17}},{"start":{"line":86,"column":16},"end":{"line":88,"column":17}}],"line":86},"15":{"loc":{"start":{"line":90,"column":20},"end":{"line":119,"column":21}},"type":"if","locations":[{"start":{"line":90,"column":20},"end":{"line":119,"column":21}},{"start":{"line":90,"column":20},"end":{"line":119,"column":21}}],"line":90},"16":{"loc":{"start":{"line":97,"column":24},"end":{"line":118,"column":25}},"type":"if","locations":[{"start":{"line":97,"column":24},"end":{"line":118,"column":25}},{"start":{"line":97,"column":24},"end":{"line":118,"column":25}}],"line":97},"17":{"loc":{"start":{"line":101,"column":32},"end":{"line":101,"column":51}},"type":"if","locations":[{"start":{"line":101,"column":32},"end":{"line":101,"column":51}},{"start":{"line":101,"column":32},"end":{"line":101,"column":51}}],"line":101},"18":{"loc":{"start":{"line":102,"column":48},"end":{"line":102,"column":109}},"type":"cond-expr","locations":[{"start":{"line":102,"column":81},"end":{"line":102,"column":94}},{"start":{"line":102,"column":97},"end":{"line":102,"column":109}}],"line":102},"19":{"loc":{"start":{"line":105,"column":36},"end":{"line":105,"column":54}},"type":"if","locations":[{"start":{"line":105,"column":36},"end":{"line":105,"column":54}},{"start":{"line":105,"column":36},"end":{"line":105,"column":54}}],"line":105},"20":{"loc":{"start":{"line":106,"column":36},"end":{"line":114,"column":37}},"type":"if","locations":[{"start":{"line":106,"column":36},"end":{"line":114,"column":37}},{"start":{"line":106,"column":36},"end":{"line":114,"column":37}}],"line":106}},"s":{"0":1,"1":1,"2":1,"3":1,"4":1,"5":1,"6":1,"7":6,"8":6,"9":6,"10":11,"11":11,"12":6,"13":1,"14":1,"15":6,"16":6,"17":6,"18":1,"19":1,"20":5,"21":3,"22":5,"23":0,"24":0,"25":0,"26":0,"27":0,"28":0,"29":0,"30":0,"31":0,"32":0,"33":0,"34":0,"35":1,"36":1,"37":1,"38":1,"39":1,"40":1,"41":1,"42":0,"43":1,"44":1,"45":1,"46":1,"47":0,"48":1,"49":1,"50":1,"51":0,"52":0,"53":1,"54":0,"55":1,"56":1,"57":0,"58":1,"59":1,"60":1,"61":0,"62":1,"63":0,"64":0,"65":0,"66":1,"67":1},"f":{"0":6,"1":11,"2":1,"3":6,"4":0,"5":0,"6":0,"7":0,"8":1,"9":1,"10":1,"11":1,"12":0,"13":0,"14":1,"15":1},"b":{"0":[6,6],"1":[2],"2":[1,5],"3":[6,6],"4":[3,2],"5":[0,0],"6":[0,0],"7":[0,0],"8":[0,0],"9":[0,0],"10":[1],"11":[1,0],"12":[0,1],"13":[0,1],"14":[0,1],"15":[1,0],"16":[0,1],"17":[0,1],"18":[1,0],"19":[0,1],"20":[0,1]},"_coverageSchema":"1a1c01bbd47fc00a2c39e90264f33305004495a9","hash":"b881a96103c924b7b0f338b1c1d2e80078fd742a"}
,"E:\\Kenton Vizdos\\Documents\\HOME Router\\PRAUXY\\auth\\permissions.js": {"path":"E:\\Kenton Vizdos\\Documents\\HOME Router\\PRAUXY\\auth\\permissions.js","statementMap":{"0":{"start":{"line":1,"column":21},"end":{"line":1,"column":48}},"1":{"start":{"line":2,"column":20},"end":{"line":2,"column":50}},"2":{"start":{"line":4,"column":12},"end":{"line":4,"column":28}},"3":{"start":{"line":5,"column":16},"end":{"line":5,"column":45}},"4":{"start":{"line":13,"column":8},"end":{"line":13,"column":18}},"5":{"start":{"line":15,"column":8},"end":{"line":25,"column":10}},"6":{"start":{"line":16,"column":12},"end":{"line":24,"column":15}},"7":{"start":{"line":17,"column":16},"end":{"line":17,"column":35}},"8":{"start":{"line":17,"column":25},"end":{"line":17,"column":35}},"9":{"start":{"line":18,"column":26},"end":{"line":18,"column":94}},"10":{"start":{"line":19,"column":16},"end":{"line":23,"column":19}},"11":{"start":{"line":20,"column":20},"end":{"line":20,"column":38}},"12":{"start":{"line":20,"column":28},"end":{"line":20,"column":38}},"13":{"start":{"line":22,"column":20},"end":{"line":22,"column":37}},"14":{"start":{"line":29,"column":8},"end":{"line":84,"column":11}},"15":{"start":{"line":30,"column":12},"end":{"line":30,"column":31}},"16":{"start":{"line":30,"column":21},"end":{"line":30,"column":31}},"17":{"start":{"line":31,"column":22},"end":{"line":31,"column":90}},"18":{"start":{"line":32,"column":12},"end":{"line":83,"column":14}},"19":{"start":{"line":33,"column":16},"end":{"line":33,"column":34}},"20":{"start":{"line":33,"column":24},"end":{"line":33,"column":34}},"21":{"start":{"line":34,"column":16},"end":{"line":82,"column":17}},"22":{"start":{"line":35,"column":20},"end":{"line":35,"column":74}},"23":{"start":{"line":36,"column":39},"end":{"line":73,"column":21}},"24":{"start":{"line":75,"column":20},"end":{"line":79,"column":22}},"25":{"start":{"line":76,"column":24},"end":{"line":76,"column":42}},"26":{"start":{"line":76,"column":32},"end":{"line":76,"column":42}},"27":{"start":{"line":78,"column":24},"end":{"line":78,"column":81}},"28":{"start":{"line":81,"column":20},"end":{"line":81,"column":81}},"29":{"start":{"line":88,"column":8},"end":{"line":88,"column":31}},"30":{"start":{"line":89,"column":8},"end":{"line":94,"column":9}},"31":{"start":{"line":90,"column":12},"end":{"line":90,"column":28}},"32":{"start":{"line":92,"column":20},"end":{"line":92,"column":32}},"33":{"start":{"line":93,"column":12},"end":{"line":93,"column":56}},"34":{"start":{"line":98,"column":22},"end":{"line":98,"column":26}},"35":{"start":{"line":99,"column":8},"end":{"line":113,"column":10}},"36":{"start":{"line":100,"column":12},"end":{"line":112,"column":15}},"37":{"start":{"line":101,"column":16},"end":{"line":101,"column":35}},"38":{"start":{"line":101,"column":25},"end":{"line":101,"column":35}},"39":{"start":{"line":102,"column":26},"end":{"line":102,"column":94}},"40":{"start":{"line":103,"column":16},"end":{"line":111,"column":18}},"41":{"start":{"line":104,"column":20},"end":{"line":104,"column":38}},"42":{"start":{"line":104,"column":28},"end":{"line":104,"column":38}},"43":{"start":{"line":106,"column":20},"end":{"line":110,"column":22}},"44":{"start":{"line":107,"column":24},"end":{"line":107,"column":42}},"45":{"start":{"line":107,"column":32},"end":{"line":107,"column":42}},"46":{"start":{"line":109,"column":24},"end":{"line":109,"column":70}},"47":{"start":{"line":117,"column":0},"end":{"line":117,"column":35}}},"fnMap":{"0":{"name":"(anonymous_0)","decl":{"start":{"line":9,"column":4},"end":{"line":9,"column":5}},"loc":{"start":{"line":9,"column":18},"end":{"line":9,"column":20}},"line":9},"1":{"name":"(anonymous_1)","decl":{"start":{"line":11,"column":4},"end":{"line":11,"column":5}},"loc":{"start":{"line":11,"column":24},"end":{"line":26,"column":5}},"line":11},"2":{"name":"(anonymous_2)","decl":{"start":{"line":15,"column":27},"end":{"line":15,"column":28}},"loc":{"start":{"line":15,"column":41},"end":{"line":25,"column":9}},"line":15},"3":{"name":"(anonymous_3)","decl":{"start":{"line":16,"column":64},"end":{"line":16,"column":65}},"loc":{"start":{"line":16,"column":82},"end":{"line":24,"column":13}},"line":16},"4":{"name":"(anonymous_4)","decl":{"start":{"line":19,"column":82},"end":{"line":19,"column":83}},"loc":{"start":{"line":19,"column":99},"end":{"line":23,"column":17}},"line":19},"5":{"name":"(anonymous_5)","decl":{"start":{"line":28,"column":4},"end":{"line":28,"column":5}},"loc":{"start":{"line":28,"column":27},"end":{"line":85,"column":5}},"line":28},"6":{"name":"(anonymous_6)","decl":{"start":{"line":29,"column":60},"end":{"line":29,"column":61}},"loc":{"start":{"line":29,"column":78},"end":{"line":84,"column":9}},"line":29},"7":{"name":"(anonymous_7)","decl":{"start":{"line":32,"column":54},"end":{"line":32,"column":55}},"loc":{"start":{"line":32,"column":71},"end":{"line":83,"column":13}},"line":32},"8":{"name":"(anonymous_8)","decl":{"start":{"line":75,"column":67},"end":{"line":75,"column":68}},"loc":{"start":{"line":75,"column":84},"end":{"line":79,"column":21}},"line":75},"9":{"name":"(anonymous_9)","decl":{"start":{"line":87,"column":4},"end":{"line":87,"column":5}},"loc":{"start":{"line":87,"column":24},"end":{"line":95,"column":5}},"line":87},"10":{"name":"(anonymous_10)","decl":{"start":{"line":97,"column":4},"end":{"line":97,"column":5}},"loc":{"start":{"line":97,"column":40},"end":{"line":114,"column":5}},"line":97},"11":{"name":"(anonymous_11)","decl":{"start":{"line":99,"column":27},"end":{"line":99,"column":28}},"loc":{"start":{"line":99,"column":38},"end":{"line":113,"column":9}},"line":99},"12":{"name":"(anonymous_12)","decl":{"start":{"line":100,"column":64},"end":{"line":100,"column":65}},"loc":{"start":{"line":100,"column":82},"end":{"line":112,"column":13}},"line":100},"13":{"name":"(anonymous_13)","decl":{"start":{"line":103,"column":75},"end":{"line":103,"column":76}},"loc":{"start":{"line":103,"column":94},"end":{"line":111,"column":17}},"line":103},"14":{"name":"(anonymous_14)","decl":{"start":{"line":106,"column":84},"end":{"line":106,"column":85}},"loc":{"start":{"line":106,"column":104},"end":{"line":110,"column":21}},"line":106}},"branchMap":{"0":{"loc":{"start":{"line":17,"column":16},"end":{"line":17,"column":35}},"type":"if","locations":[{"start":{"line":17,"column":16},"end":{"line":17,"column":35}},{"start":{"line":17,"column":16},"end":{"line":17,"column":35}}],"line":17},"1":{"loc":{"start":{"line":18,"column":32},"end":{"line":18,"column":93}},"type":"cond-expr","locations":[{"start":{"line":18,"column":65},"end":{"line":18,"column":78}},{"start":{"line":18,"column":81},"end":{"line":18,"column":93}}],"line":18},"2":{"loc":{"start":{"line":20,"column":20},"end":{"line":20,"column":38}},"type":"if","locations":[{"start":{"line":20,"column":20},"end":{"line":20,"column":38}},{"start":{"line":20,"column":20},"end":{"line":20,"column":38}}],"line":20},"3":{"loc":{"start":{"line":30,"column":12},"end":{"line":30,"column":31}},"type":"if","locations":[{"start":{"line":30,"column":12},"end":{"line":30,"column":31}},{"start":{"line":30,"column":12},"end":{"line":30,"column":31}}],"line":30},"4":{"loc":{"start":{"line":31,"column":28},"end":{"line":31,"column":89}},"type":"cond-expr","locations":[{"start":{"line":31,"column":61},"end":{"line":31,"column":74}},{"start":{"line":31,"column":77},"end":{"line":31,"column":89}}],"line":31},"5":{"loc":{"start":{"line":33,"column":16},"end":{"line":33,"column":34}},"type":"if","locations":[{"start":{"line":33,"column":16},"end":{"line":33,"column":34}},{"start":{"line":33,"column":16},"end":{"line":33,"column":34}}],"line":33},"6":{"loc":{"start":{"line":34,"column":16},"end":{"line":82,"column":17}},"type":"if","locations":[{"start":{"line":34,"column":16},"end":{"line":82,"column":17}},{"start":{"line":34,"column":16},"end":{"line":82,"column":17}}],"line":34},"7":{"loc":{"start":{"line":76,"column":24},"end":{"line":76,"column":42}},"type":"if","locations":[{"start":{"line":76,"column":24},"end":{"line":76,"column":42}},{"start":{"line":76,"column":24},"end":{"line":76,"column":42}}],"line":76},"8":{"loc":{"start":{"line":89,"column":8},"end":{"line":94,"column":9}},"type":"if","locations":[{"start":{"line":89,"column":8},"end":{"line":94,"column":9}},{"start":{"line":89,"column":8},"end":{"line":94,"column":9}}],"line":89},"9":{"loc":{"start":{"line":101,"column":16},"end":{"line":101,"column":35}},"type":"if","locations":[{"start":{"line":101,"column":16},"end":{"line":101,"column":35}},{"start":{"line":101,"column":16},"end":{"line":101,"column":35}}],"line":101},"10":{"loc":{"start":{"line":102,"column":32},"end":{"line":102,"column":93}},"type":"cond-expr","locations":[{"start":{"line":102,"column":65},"end":{"line":102,"column":78}},{"start":{"line":102,"column":81},"end":{"line":102,"column":93}}],"line":102},"11":{"loc":{"start":{"line":104,"column":20},"end":{"line":104,"column":38}},"type":"if","locations":[{"start":{"line":104,"column":20},"end":{"line":104,"column":38}},{"start":{"line":104,"column":20},"end":{"line":104,"column":38}}],"line":104},"12":{"loc":{"start":{"line":107,"column":24},"end":{"line":107,"column":42}},"type":"if","locations":[{"start":{"line":107,"column":24},"end":{"line":107,"column":42}},{"start":{"line":107,"column":24},"end":{"line":107,"column":42}}],"line":107}},"s":{"0":1,"1":1,"2":1,"3":1,"4":1,"5":1,"6":0,"7":0,"8":0,"9":0,"10":0,"11":0,"12":0,"13":0,"14":1,"15":1,"16":0,"17":1,"18":1,"19":1,"20":0,"21":1,"22":1,"23":1,"24":1,"25":1,"26":0,"27":1,"28":0,"29":0,"30":0,"31":0,"32":0,"33":0,"34":0,"35":0,"36":0,"37":0,"38":0,"39":0,"40":0,"41":0,"42":0,"43":0,"44":0,"45":0,"46":0,"47":1},"f":{"0":2,"1":1,"2":0,"3":0,"4":0,"5":1,"6":1,"7":1,"8":1,"9":0,"10":0,"11":0,"12":0,"13":0,"14":0},"b":{"0":[0,0],"1":[0,0],"2":[0,0],"3":[0,1],"4":[1,0],"5":[0,1],"6":[1,0],"7":[0,1],"8":[0,0],"9":[0,0],"10":[0,0],"11":[0,0],"12":[0,0]},"_coverageSchema":"1a1c01bbd47fc00a2c39e90264f33305004495a9","hash":"86ec0fe4093a5a0e66e83c2e720db4535b02e600"}
,"E:\\Kenton Vizdos\\Documents\\HOME Router\\PRAUXY\\helpers\\date.js": {"path":"E:\\Kenton Vizdos\\Documents\\HOME Router\\PRAUXY\\helpers\\date.js","statementMap":{"0":{"start":{"line":1,"column":0},"end":{"line":7,"column":1}},"1":{"start":{"line":2,"column":17},"end":{"line":2,"column":27}},"2":{"start":{"line":3,"column":15},"end":{"line":3,"column":35}},"3":{"start":{"line":4,"column":13},"end":{"line":4,"column":34}},"4":{"start":{"line":5,"column":13},"end":{"line":5,"column":29}},"5":{"start":{"line":6,"column":4},"end":{"line":6,"column":46}}},"fnMap":{"0":{"name":"(anonymous_0)","decl":{"start":{"line":1,"column":24},"end":{"line":1,"column":25}},"loc":{"start":{"line":1,"column":30},"end":{"line":7,"column":1}},"line":1}},"branchMap":{},"s":{"0":1,"1":0,"2":0,"3":0,"4":0,"5":0},"f":{"0":0},"b":{},"_coverageSchema":"1a1c01bbd47fc00a2c39e90264f33305004495a9","hash":"bf5c962264df1fbfb049d63dfae1f9e5dca8efe0"}
,"E:\\Kenton Vizdos\\Documents\\HOME Router\\PRAUXY\\helpers\\email.js": {"path":"E:\\Kenton Vizdos\\Documents\\HOME Router\\PRAUXY\\helpers\\email.js","statementMap":{"0":{"start":{"line":1,"column":19},"end":{"line":1,"column":40}},"1":{"start":{"line":2,"column":14},"end":{"line":2,"column":34}},"2":{"start":{"line":6,"column":25},"end":{"line":6,"column":33}},"3":{"start":{"line":7,"column":25},"end":{"line":7,"column":42}},"4":{"start":{"line":9,"column":8},"end":{"line":19,"column":10}},"5":{"start":{"line":21,"column":8},"end":{"line":209,"column":9}},"6":{"start":{"line":22,"column":12},"end":{"line":208,"column":13}},"7":{"start":{"line":213,"column":19},"end":{"line":218,"column":10}},"8":{"start":{"line":220,"column":8},"end":{"line":220,"column":80}},"9":{"start":{"line":224,"column":0},"end":{"line":224,"column":29}}},"fnMap":{"0":{"name":"(anonymous_0)","decl":{"start":{"line":5,"column":4},"end":{"line":5,"column":5}},"loc":{"start":{"line":5,"column":18},"end":{"line":210,"column":5}},"line":5},"1":{"name":"(anonymous_1)","decl":{"start":{"line":21,"column":31},"end":{"line":21,"column":32}},"loc":{"start":{"line":21,"column":41},"end":{"line":209,"column":9}},"line":21},"2":{"name":"(anonymous_2)","decl":{"start":{"line":212,"column":4},"end":{"line":212,"column":5}},"loc":{"start":{"line":212,"column":40},"end":{"line":221,"column":5}},"line":212}},"branchMap":{},"s":{"0":1,"1":1,"2":1,"3":1,"4":1,"5":1,"6":1,"7":1,"8":0,"9":1},"f":{"0":1,"1":1,"2":1},"b":{},"_coverageSchema":"1a1c01bbd47fc00a2c39e90264f33305004495a9","hash":"cb9a7362aa99ddaad3fa68d0a3bd6cd83260eb32"}
,"E:\\Kenton Vizdos\\Documents\\HOME Router\\PRAUXY\\helpers\\logging.js": {"path":"E:\\Kenton Vizdos\\Documents\\HOME Router\\PRAUXY\\helpers\\logging.js","statementMap":{"0":{"start":{"line":1,"column":14},"end":{"line":1,"column":23}},"1":{"start":{"line":2,"column":15},"end":{"line":2,"column":24}},"2":{"start":{"line":3,"column":12},"end":{"line":3,"column":21}},"3":{"start":{"line":4,"column":19},"end":{"line":4,"column":28}},"4":{"start":{"line":5,"column":14},"end":{"line":5,"column":23}},"5":{"start":{"line":6,"column":16},"end":{"line":6,"column":25}},"6":{"start":{"line":7,"column":15},"end":{"line":7,"column":24}},"7":{"start":{"line":9,"column":16},"end":{"line":9,"column":26}},"8":{"start":{"line":10,"column":14},"end":{"line":10,"column":24}},"9":{"start":{"line":11,"column":16},"end":{"line":11,"column":26}},"10":{"start":{"line":12,"column":17},"end":{"line":12,"column":27}},"11":{"start":{"line":13,"column":15},"end":{"line":13,"column":25}},"12":{"start":{"line":14,"column":18},"end":{"line":14,"column":28}},"13":{"start":{"line":15,"column":15},"end":{"line":15,"column":25}},"14":{"start":{"line":16,"column":16},"end":{"line":16,"column":26}},"15":{"start":{"line":18,"column":16},"end":{"line":18,"column":26}},"16":{"start":{"line":19,"column":14},"end":{"line":19,"column":24}},"17":{"start":{"line":20,"column":16},"end":{"line":20,"column":26}},"18":{"start":{"line":21,"column":17},"end":{"line":21,"column":27}},"19":{"start":{"line":22,"column":15},"end":{"line":22,"column":25}},"20":{"start":{"line":23,"column":18},"end":{"line":23,"column":28}},"21":{"start":{"line":24,"column":15},"end":{"line":24,"column":25}},"22":{"start":{"line":25,"column":16},"end":{"line":25,"column":26}},"23":{"start":{"line":27,"column":12},"end":{"line":29,"column":1}},"24":{"start":{"line":28,"column":4},"end":{"line":28,"column":84}},"25":{"start":{"line":31,"column":14},"end":{"line":33,"column":1}},"26":{"start":{"line":32,"column":4},"end":{"line":32,"column":82}},"27":{"start":{"line":35,"column":13},"end":{"line":37,"column":1}},"28":{"start":{"line":36,"column":4},"end":{"line":36,"column":85}},"29":{"start":{"line":39,"column":0},"end":{"line":39,"column":25}},"30":{"start":{"line":40,"column":0},"end":{"line":40,"column":29}},"31":{"start":{"line":41,"column":0},"end":{"line":41,"column":27}}},"fnMap":{"0":{"name":"(anonymous_0)","decl":{"start":{"line":27,"column":12},"end":{"line":27,"column":13}},"loc":{"start":{"line":27,"column":35},"end":{"line":29,"column":1}},"line":27},"1":{"name":"(anonymous_1)","decl":{"start":{"line":31,"column":14},"end":{"line":31,"column":15}},"loc":{"start":{"line":31,"column":37},"end":{"line":33,"column":1}},"line":31},"2":{"name":"(anonymous_2)","decl":{"start":{"line":35,"column":13},"end":{"line":35,"column":14}},"loc":{"start":{"line":35,"column":36},"end":{"line":37,"column":1}},"line":35}},"branchMap":{},"s":{"0":1,"1":1,"2":1,"3":1,"4":1,"5":1,"6":1,"7":1,"8":1,"9":1,"10":1,"11":1,"12":1,"13":1,"14":1,"15":1,"16":1,"17":1,"18":1,"19":1,"20":1,"21":1,"22":1,"23":1,"24":4,"25":1,"26":0,"27":1,"28":2,"29":1,"30":1,"31":1},"f":{"0":4,"1":0,"2":2},"b":{},"_coverageSchema":"1a1c01bbd47fc00a2c39e90264f33305004495a9","hash":"eaf8c1a875607c07066a8cfc6325079d3f2bc783"}
,"E:\\Kenton Vizdos\\Documents\\HOME Router\\PRAUXY\\helpers\\mongo.js": {"path":"E:\\Kenton Vizdos\\Documents\\HOME Router\\PRAUXY\\helpers\\mongo.js","statementMap":{"0":{"start":{"line":1,"column":0},"end":{"line":3,"column":1}}},"fnMap":{},"branchMap":{"0":{"loc":{"start":{"line":2,"column":24},"end":{"line":2,"column":56}},"type":"binary-expr","locations":[{"start":{"line":2,"column":24},"end":{"line":2,"column":41}},{"start":{"line":2,"column":45},"end":{"line":2,"column":56}}],"line":2},"1":{"loc":{"start":{"line":2,"column":65},"end":{"line":2,"column":117}},"type":"cond-expr","locations":[{"start":{"line":2,"column":98},"end":{"line":2,"column":112}},{"start":{"line":2,"column":115},"end":{"line":2,"column":117}}],"line":2}},"s":{"0":1},"f":{},"b":{"0":[1,1],"1":[1,0]},"_coverageSchema":"1a1c01bbd47fc00a2c39e90264f33305004495a9","hash":"d525d82813c0452718844bd226f410a0c37e3b2c"}
,"E:\\Kenton Vizdos\\Documents\\HOME Router\\PRAUXY\\helpers\\redis.js": {"path":"E:\\Kenton Vizdos\\Documents\\HOME Router\\PRAUXY\\helpers\\redis.js","statementMap":{"0":{"start":{"line":1,"column":14},"end":{"line":1,"column":30}},"1":{"start":{"line":2,"column":16},"end":{"line":2,"column":36}},"2":{"start":{"line":6,"column":8},"end":{"line":11,"column":9}},"3":{"start":{"line":8,"column":8},"end":{"line":8,"column":43}},"4":{"start":{"line":10,"column":12},"end":{"line":10,"column":40}},"5":{"start":{"line":12,"column":8},"end":{"line":14,"column":11}},"6":{"start":{"line":13,"column":12},"end":{"line":13,"column":40}},"7":{"start":{"line":16,"column":8},"end":{"line":18,"column":10}},"8":{"start":{"line":17,"column":12},"end":{"line":17,"column":54}},"9":{"start":{"line":24,"column":8},"end":{"line":28,"column":9}},"10":{"start":{"line":25,"column":12},"end":{"line":25,"column":38}},"11":{"start":{"line":27,"column":12},"end":{"line":27,"column":55}},"12":{"start":{"line":32,"column":8},"end":{"line":38,"column":10}},"13":{"start":{"line":33,"column":12},"end":{"line":37,"column":14}},"14":{"start":{"line":34,"column":16},"end":{"line":34,"column":34}},"15":{"start":{"line":34,"column":24},"end":{"line":34,"column":34}},"16":{"start":{"line":36,"column":16},"end":{"line":36,"column":31}},"17":{"start":{"line":42,"column":8},"end":{"line":42,"column":29}},"18":{"start":{"line":46,"column":0},"end":{"line":46,"column":30}}},"fnMap":{"0":{"name":"(anonymous_0)","decl":{"start":{"line":5,"column":4},"end":{"line":5,"column":5}},"loc":{"start":{"line":5,"column":18},"end":{"line":21,"column":5}},"line":5},"1":{"name":"(anonymous_1)","decl":{"start":{"line":12,"column":32},"end":{"line":12,"column":33}},"loc":{"start":{"line":12,"column":47},"end":{"line":14,"column":9}},"line":12},"2":{"name":"(anonymous_2)","decl":{"start":{"line":16,"column":34},"end":{"line":16,"column":35}},"loc":{"start":{"line":16,"column":40},"end":{"line":18,"column":9}},"line":16},"3":{"name":"(anonymous_3)","decl":{"start":{"line":23,"column":4},"end":{"line":23,"column":5}},"loc":{"start":{"line":23,"column":35},"end":{"line":29,"column":5}},"line":23},"4":{"name":"(anonymous_4)","decl":{"start":{"line":31,"column":4},"end":{"line":31,"column":5}},"loc":{"start":{"line":31,"column":13},"end":{"line":39,"column":5}},"line":31},"5":{"name":"(anonymous_5)","decl":{"start":{"line":32,"column":27},"end":{"line":32,"column":28}},"loc":{"start":{"line":32,"column":48},"end":{"line":38,"column":9}},"line":32},"6":{"name":"(anonymous_6)","decl":{"start":{"line":33,"column":33},"end":{"line":33,"column":34}},"loc":{"start":{"line":33,"column":49},"end":{"line":37,"column":13}},"line":33},"7":{"name":"(anonymous_7)","decl":{"start":{"line":41,"column":4},"end":{"line":41,"column":5}},"loc":{"start":{"line":41,"column":16},"end":{"line":43,"column":5}},"line":41}},"branchMap":{"0":{"loc":{"start":{"line":23,"column":18},"end":{"line":23,"column":33}},"type":"default-arg","locations":[{"start":{"line":23,"column":31},"end":{"line":23,"column":33}}],"line":23},"1":{"loc":{"start":{"line":24,"column":8},"end":{"line":28,"column":9}},"type":"if","locations":[{"start":{"line":24,"column":8},"end":{"line":28,"column":9}},{"start":{"line":24,"column":8},"end":{"line":28,"column":9}}],"line":24},"2":{"loc":{"start":{"line":34,"column":16},"end":{"line":34,"column":34}},"type":"if","locations":[{"start":{"line":34,"column":16},"end":{"line":34,"column":34}},{"start":{"line":34,"column":16},"end":{"line":34,"column":34}}],"line":34}},"s":{"0":1,"1":1,"2":1,"3":1,"4":0,"5":1,"6":0,"7":1,"8":1,"9":2,"10":0,"11":2,"12":4,"13":4,"14":4,"15":0,"16":4,"17":1,"18":1},"f":{"0":1,"1":0,"2":1,"3":2,"4":4,"5":4,"6":4,"7":1},"b":{"0":[0],"1":[0,2],"2":[0,4]},"_coverageSchema":"1a1c01bbd47fc00a2c39e90264f33305004495a9","hash":"8cbbdcd6caea4469d5cf37eae03b694827b22181"}
}
