TN:
SF:config.js
FN:4,(anonymous_0)
FN:19,(anonymous_1)
FNF:2
FNH:2
FNDA:1,(anonymous_0)
FNDA:18,(anonymous_1)
DA:1,1
DA:2,1
DA:4,1
DA:5,1
DA:20,18
DA:25,1
LF:6
LH:6
BRDA:6,0,0,1
BRDA:6,0,1,1
BRDA:7,1,0,1
BRDA:7,1,1,1
BRDA:8,2,0,1
BRDA:8,2,1,1
BRDA:9,3,0,1
BRDA:9,3,1,1
BRDA:10,4,0,1
BRDA:10,4,1,1
BRDA:11,5,0,1
BRDA:11,5,1,1
BRDA:12,6,0,1
BRDA:12,6,1,1
BRDA:15,7,0,1
BRDA:15,7,1,0
BRDA:17,8,0,1
BRDA:17,8,1,0
BRDA:19,9,0,18
BRDA:19,10,0,18
BRDA:20,11,0,18
BRDA:20,11,1,0
BRDA:20,12,0,0
BRDA:20,12,1,18
BRF:24
BRH:20
end_of_record
TN:
SF:auth\auth.js
FN:37,(anonymous_0)
FN:48,(anonymous_1)
FN:50,(anonymous_2)
FN:59,(anonymous_3)
FN:70,(anonymous_4)
FN:81,(anonymous_5)
FN:86,(anonymous_6)
FN:89,(anonymous_7)
FN:95,(anonymous_8)
FN:118,(anonymous_9)
FN:138,(anonymous_10)
FN:142,(anonymous_11)
FN:145,(anonymous_12)
FN:154,(anonymous_13)
FN:166,(anonymous_14)
FN:186,(anonymous_15)
FN:195,(anonymous_16)
FN:201,(anonymous_17)
FN:207,(anonymous_18)
FN:215,(anonymous_19)
FN:217,(anonymous_20)
FN:233,(anonymous_21)
FN:236,(anonymous_22)
FN:250,(anonymous_23)
FN:271,(anonymous_24)
FN:275,(anonymous_25)
FN:278,(anonymous_26)
FN:294,(anonymous_27)
FN:309,(anonymous_28)
FN:310,(anonymous_29)
FN:313,(anonymous_30)
FN:322,(anonymous_31)
FN:329,(anonymous_32)
FN:342,(anonymous_33)
FN:343,(anonymous_34)
FN:363,(anonymous_35)
FN:364,(anonymous_36)
FN:365,(anonymous_37)
FN:371,(anonymous_38)
FN:380,(anonymous_39)
FN:402,(anonymous_40)
FNF:41
FNH:28
FNDA:18,(anonymous_0)
FNDA:1,(anonymous_1)
FNDA:1,(anonymous_2)
FNDA:0,(anonymous_3)
FNDA:0,(anonymous_4)
FNDA:2,(anonymous_5)
FNDA:2,(anonymous_6)
FNDA:2,(anonymous_7)
FNDA:2,(anonymous_8)
FNDA:1,(anonymous_9)
FNDA:2,(anonymous_10)
FNDA:2,(anonymous_11)
FNDA:2,(anonymous_12)
FNDA:2,(anonymous_13)
FNDA:1,(anonymous_14)
FNDA:3,(anonymous_15)
FNDA:3,(anonymous_16)
FNDA:2,(anonymous_17)
FNDA:2,(anonymous_18)
FNDA:1,(anonymous_19)
FNDA:1,(anonymous_20)
FNDA:9,(anonymous_21)
FNDA:9,(anonymous_22)
FNDA:2,(anonymous_23)
FNDA:3,(anonymous_24)
FNDA:2,(anonymous_25)
FNDA:1,(anonymous_26)
FNDA:2,(anonymous_27)
FNDA:0,(anonymous_28)
FNDA:0,(anonymous_29)
FNDA:0,(anonymous_30)
FNDA:1,(anonymous_31)
FNDA:1,(anonymous_32)
FNDA:0,(anonymous_33)
FNDA:0,(anonymous_34)
FNDA:0,(anonymous_35)
FNDA:0,(anonymous_36)
FNDA:0,(anonymous_37)
FNDA:0,(anonymous_38)
FNDA:0,(anonymous_39)
FNDA:0,(anonymous_40)
DA:2,1
DA:3,1
DA:4,1
DA:5,1
DA:7,1
DA:8,1
DA:9,1
DA:11,1
DA:12,1
DA:14,1
DA:15,1
DA:17,1
DA:18,1
DA:20,1
DA:22,1
DA:23,1
DA:25,1
DA:26,1
DA:28,1
DA:30,1
DA:33,1
DA:34,1
DA:35,1
DA:37,1
DA:38,18
DA:39,18
DA:40,18
DA:41,18
DA:42,18
DA:45,1
DA:46,1
DA:48,1
DA:50,1
DA:51,1
DA:52,0
DA:54,1
DA:59,1
DA:60,0
DA:70,0
DA:71,0
DA:72,0
DA:74,0
DA:81,1
DA:82,2
DA:83,2
DA:84,2
DA:86,2
DA:87,2
DA:88,2
DA:89,2
DA:90,2
DA:92,2
DA:95,2
DA:97,2
DA:99,1
DA:100,1
DA:102,1
DA:103,1
DA:105,1
DA:106,1
DA:107,1
DA:109,1
DA:111,1
DA:113,1
DA:114,1
DA:116,0
DA:118,1
DA:119,1
DA:121,1
DA:127,1
DA:131,0
DA:138,1
DA:139,2
DA:140,2
DA:142,2
DA:143,2
DA:144,2
DA:145,2
DA:147,2
DA:148,2
DA:154,2
DA:155,2
DA:156,0
DA:157,0
DA:158,0
DA:161,2
DA:162,1
DA:164,1
DA:166,1
DA:167,1
DA:168,1
DA:173,1
DA:174,1
DA:175,1
DA:186,1
DA:187,3
DA:188,3
DA:189,3
DA:190,3
DA:192,3
DA:195,1
DA:196,3
DA:197,1
DA:198,1
DA:201,2
DA:202,2
DA:203,2
DA:204,2
DA:205,2
DA:207,2
DA:208,2
DA:209,1
DA:210,1
DA:213,1
DA:215,1
DA:217,1
DA:218,1
DA:220,1
DA:221,1
DA:222,1
DA:224,1
DA:226,1
DA:233,1
DA:234,9
DA:236,9
DA:237,9
DA:238,9
DA:240,9
DA:242,3
DA:243,3
DA:245,3
DA:246,1
DA:247,1
DA:250,2
DA:251,2
DA:252,1
DA:253,1
DA:255,1
DA:258,2
DA:260,4
DA:261,4
DA:262,4
DA:264,4
DA:265,1
DA:266,1
DA:269,3
DA:271,3
DA:272,3
DA:274,3
DA:275,2
DA:277,2
DA:278,1
DA:279,1
DA:280,1
DA:284,1
DA:288,1
DA:291,3
DA:293,2
DA:294,2
DA:295,2
DA:296,1
DA:297,1
DA:300,1
DA:301,1
DA:303,2
DA:309,1
DA:310,0
DA:311,0
DA:313,0
DA:314,0
DA:316,0
DA:317,0
DA:322,1
DA:323,1
DA:324,1
DA:326,1
DA:327,1
DA:329,1
DA:330,1
DA:332,1
DA:333,0
DA:334,0
DA:335,0
DA:337,0
DA:338,0
DA:340,0
DA:342,0
DA:343,0
DA:344,0
DA:346,0
DA:348,0
DA:353,1
DA:354,0
DA:355,0
DA:363,1
DA:364,0
DA:365,0
DA:366,0
DA:370,0
DA:371,0
DA:372,0
DA:373,0
DA:380,1
DA:381,0
DA:382,0
DA:384,0
DA:386,0
DA:387,0
DA:388,0
DA:390,0
DA:392,0
DA:396,1
DA:397,1
DA:398,1
DA:399,1
DA:401,1
DA:402,0
DA:404,1
LF:218
LH:172
BRDA:51,0,0,0
BRDA:51,0,1,1
BRDA:71,1,0,0
BRDA:71,1,1,0
BRDA:87,2,0,0
BRDA:87,2,1,2
BRDA:88,3,0,2
BRDA:88,3,1,0
BRDA:90,4,0,0
BRDA:90,4,1,2
BRDA:92,5,0,2
BRDA:92,5,1,0
BRDA:97,6,0,1
BRDA:97,6,1,1
BRDA:105,7,0,0
BRDA:105,7,1,1
BRDA:106,8,0,1
BRDA:106,8,1,0
BRDA:106,9,0,1
BRDA:106,9,1,1
BRDA:107,10,0,0
BRDA:107,10,1,1
BRDA:107,11,0,1
BRDA:107,11,1,1
BRDA:111,12,0,0
BRDA:111,12,1,1
BRDA:113,13,0,1
BRDA:113,13,1,0
BRDA:119,14,0,0
BRDA:119,14,1,1
BRDA:119,15,0,0
BRDA:119,15,1,0
BRDA:143,16,0,0
BRDA:143,16,1,2
BRDA:144,17,0,2
BRDA:144,17,1,0
BRDA:155,18,0,0
BRDA:155,18,1,2
BRDA:156,19,0,0
BRDA:156,19,1,0
BRDA:161,20,0,1
BRDA:161,20,1,1
BRDA:167,21,0,0
BRDA:167,21,1,1
BRDA:188,22,0,3
BRDA:188,22,1,1
BRDA:190,23,0,3
BRDA:190,23,1,3
BRDA:196,24,0,1
BRDA:196,24,1,2
BRDA:196,25,0,3
BRDA:196,25,1,2
BRDA:196,25,2,2
BRDA:196,25,3,2
BRDA:202,26,0,0
BRDA:202,26,1,2
BRDA:203,27,0,2
BRDA:203,27,1,0
BRDA:208,28,0,1
BRDA:208,28,1,1
BRDA:218,29,0,0
BRDA:218,29,1,1
BRDA:237,30,0,0
BRDA:237,30,1,9
BRDA:238,31,0,9
BRDA:238,31,1,0
BRDA:240,32,0,3
BRDA:240,32,1,4
BRDA:240,32,2,2
BRDA:245,33,0,1
BRDA:245,33,1,2
BRDA:245,34,0,3
BRDA:245,34,1,2
BRDA:251,35,0,1
BRDA:251,35,1,1
BRDA:264,36,0,1
BRDA:264,36,1,3
BRDA:264,37,0,4
BRDA:264,37,1,3
BRDA:264,37,2,3
BRDA:272,38,0,0
BRDA:272,38,1,3
BRDA:274,39,0,2
BRDA:274,39,1,1
BRDA:277,40,0,1
BRDA:277,40,1,1
BRDA:293,41,0,0
BRDA:293,41,1,2
BRDA:295,42,0,1
BRDA:295,42,1,1
BRDA:295,43,0,2
BRDA:295,43,1,1
BRDA:311,44,0,0
BRDA:311,44,1,0
BRDA:314,45,0,0
BRDA:314,45,1,0
BRDA:323,46,0,0
BRDA:323,46,1,1
BRDA:324,47,0,1
BRDA:324,47,1,0
BRDA:330,48,0,0
BRDA:330,48,1,1
BRDA:332,49,0,0
BRDA:332,49,1,1
BRDA:333,50,0,0
BRDA:333,50,1,0
BRDA:333,51,0,0
BRDA:333,51,1,0
BRDA:344,52,0,0
BRDA:344,52,1,0
BRDA:353,53,0,0
BRDA:353,53,1,1
BRDA:353,54,0,1
BRDA:353,54,1,1
BRDA:370,55,0,0
BRDA:370,55,1,0
BRDA:372,56,0,0
BRDA:372,56,1,0
BRDA:381,57,0,0
BRDA:381,57,1,0
BRDA:386,58,0,0
BRDA:386,58,1,0
BRDA:387,59,0,0
BRDA:387,59,1,0
BRDA:387,60,0,0
BRDA:387,60,1,0
BRDA:388,61,0,0
BRDA:388,61,1,0
BRDA:388,62,0,0
BRDA:388,62,1,0
BRDA:401,63,0,0
BRDA:401,63,1,1
BRF:132
BRH:72
end_of_record
TN:
SF:auth\confirmAuth.js
FN:11,parseCookies
FN:15,(anonymous_1)
FN:25,(anonymous_2)
FN:31,(anonymous_3)
FN:46,(anonymous_4)
FN:48,(anonymous_5)
FN:49,(anonymous_6)
FN:51,(anonymous_7)
FN:70,(anonymous_8)
FN:83,(anonymous_9)
FN:84,(anonymous_10)
FN:89,(anonymous_11)
FN:91,(anonymous_12)
FN:92,(anonymous_13)
FN:100,(anonymous_14)
FN:104,(anonymous_15)
FNF:16
FNH:10
FNDA:6,parseCookies
FNDA:11,(anonymous_1)
FNDA:1,(anonymous_2)
FNDA:6,(anonymous_3)
FNDA:0,(anonymous_4)
FNDA:0,(anonymous_5)
FNDA:0,(anonymous_6)
FNDA:0,(anonymous_7)
FNDA:1,(anonymous_8)
FNDA:1,(anonymous_9)
FNDA:1,(anonymous_10)
FNDA:1,(anonymous_11)
FNDA:0,(anonymous_12)
FNDA:0,(anonymous_13)
FNDA:1,(anonymous_14)
FNDA:1,(anonymous_15)
DA:1,1
DA:2,1
DA:3,1
DA:4,1
DA:5,1
DA:7,1
DA:9,1
DA:12,6
DA:13,6
DA:15,6
DA:16,11
DA:17,11
DA:20,6
DA:26,1
DA:27,1
DA:32,6
DA:34,6
DA:36,6
DA:37,1
DA:38,1
DA:40,5
DA:42,5
DA:47,0
DA:48,0
DA:49,0
DA:50,0
DA:51,0
DA:52,0
DA:53,0
DA:54,0
DA:55,0
DA:57,0
DA:60,0
DA:63,0
DA:72,1
DA:74,1
DA:75,1
DA:76,1
DA:78,1
DA:81,1
DA:83,1
DA:84,1
DA:85,1
DA:86,1
DA:87,0
DA:89,1
DA:90,1
DA:91,1
DA:92,0
DA:93,0
DA:97,1
DA:98,0
DA:100,1
DA:101,1
DA:102,1
DA:104,1
DA:105,1
DA:106,1
DA:107,0
DA:109,0
DA:111,0
DA:113,1
DA:126,1
LF:63
LH:44
BRDA:15,0,0,6
BRDA:15,0,1,6
BRDA:31,1,0,2
BRDA:36,2,0,1
BRDA:36,2,1,5
BRDA:36,3,0,6
BRDA:36,3,1,6
BRDA:40,4,0,3
BRDA:40,4,1,2
BRDA:50,5,0,0
BRDA:50,5,1,0
BRDA:52,6,0,0
BRDA:52,6,1,0
BRDA:53,7,0,0
BRDA:53,7,1,0
BRDA:54,8,0,0
BRDA:54,8,1,0
BRDA:54,9,0,0
BRDA:54,9,1,0
BRDA:70,10,0,1
BRDA:72,11,0,1
BRDA:72,11,1,0
BRDA:81,12,0,0
BRDA:81,12,1,1
BRDA:85,13,0,0
BRDA:85,13,1,1
BRDA:86,14,0,0
BRDA:86,14,1,1
BRDA:90,15,0,1
BRDA:90,15,1,0
BRDA:97,16,0,0
BRDA:97,16,1,1
BRDA:101,17,0,0
BRDA:101,17,1,1
BRDA:102,18,0,1
BRDA:102,18,1,0
BRDA:105,19,0,0
BRDA:105,19,1,1
BRDA:106,20,0,0
BRDA:106,20,1,1
BRF:40
BRH:20
end_of_record
TN:
SF:auth\permissions.js
FN:9,(anonymous_0)
FN:11,(anonymous_1)
FN:15,(anonymous_2)
FN:16,(anonymous_3)
FN:19,(anonymous_4)
FN:28,(anonymous_5)
FN:29,(anonymous_6)
FN:32,(anonymous_7)
FN:75,(anonymous_8)
FN:87,(anonymous_9)
FN:97,(anonymous_10)
FN:99,(anonymous_11)
FN:100,(anonymous_12)
FN:103,(anonymous_13)
FN:106,(anonymous_14)
FNF:15
FNH:6
FNDA:2,(anonymous_0)
FNDA:1,(anonymous_1)
FNDA:0,(anonymous_2)
FNDA:0,(anonymous_3)
FNDA:0,(anonymous_4)
FNDA:1,(anonymous_5)
FNDA:1,(anonymous_6)
FNDA:1,(anonymous_7)
FNDA:1,(anonymous_8)
FNDA:0,(anonymous_9)
FNDA:0,(anonymous_10)
FNDA:0,(anonymous_11)
FNDA:0,(anonymous_12)
FNDA:0,(anonymous_13)
FNDA:0,(anonymous_14)
DA:1,1
DA:2,1
DA:4,1
DA:5,1
DA:13,1
DA:15,1
DA:16,0
DA:17,0
DA:18,0
DA:19,0
DA:20,0
DA:22,0
DA:29,1
DA:30,1
DA:31,1
DA:32,1
DA:33,1
DA:34,1
DA:35,1
DA:36,1
DA:75,1
DA:76,1
DA:78,1
DA:81,0
DA:88,0
DA:89,0
DA:90,0
DA:92,0
DA:93,0
DA:98,0
DA:99,0
DA:100,0
DA:101,0
DA:102,0
DA:103,0
DA:104,0
DA:106,0
DA:107,0
DA:109,0
DA:117,1
LF:40
LH:18
BRDA:17,0,0,0
BRDA:17,0,1,0
BRDA:18,1,0,0
BRDA:18,1,1,0
BRDA:20,2,0,0
BRDA:20,2,1,0
BRDA:30,3,0,0
BRDA:30,3,1,1
BRDA:31,4,0,1
BRDA:31,4,1,0
BRDA:33,5,0,0
BRDA:33,5,1,1
BRDA:34,6,0,1
BRDA:34,6,1,0
BRDA:76,7,0,0
BRDA:76,7,1,1
BRDA:89,8,0,0
BRDA:89,8,1,0
BRDA:101,9,0,0
BRDA:101,9,1,0
BRDA:102,10,0,0
BRDA:102,10,1,0
BRDA:104,11,0,0
BRDA:104,11,1,0
BRDA:107,12,0,0
BRDA:107,12,1,0
BRF:26
BRH:5
end_of_record
TN:
SF:helpers\date.js
FN:1,(anonymous_0)
FNF:1
FNH:0
FNDA:0,(anonymous_0)
DA:1,1
DA:2,0
DA:3,0
DA:4,0
DA:5,0
DA:6,0
LF:6
LH:1
BRF:0
BRH:0
end_of_record
TN:
SF:helpers\email.js
FN:5,(anonymous_0)
FN:21,(anonymous_1)
FN:212,(anonymous_2)
FNF:3
FNH:3
FNDA:1,(anonymous_0)
FNDA:1,(anonymous_1)
FNDA:1,(anonymous_2)
DA:1,1
DA:2,1
DA:6,1
DA:7,1
DA:9,1
DA:21,1
DA:22,1
DA:213,1
DA:220,0
DA:224,1
LF:10
LH:9
BRF:0
BRH:0
end_of_record
TN:
SF:helpers\logging.js
FN:27,(anonymous_0)
FN:31,(anonymous_1)
FN:35,(anonymous_2)
FNF:3
FNH:2
FNDA:4,(anonymous_0)
FNDA:0,(anonymous_1)
FNDA:2,(anonymous_2)
DA:1,1
DA:2,1
DA:3,1
DA:4,1
DA:5,1
DA:6,1
DA:7,1
DA:9,1
DA:10,1
DA:11,1
DA:12,1
DA:13,1
DA:14,1
DA:15,1
DA:16,1
DA:18,1
DA:19,1
DA:20,1
DA:21,1
DA:22,1
DA:23,1
DA:24,1
DA:25,1
DA:27,1
DA:28,4
DA:31,1
DA:32,0
DA:35,1
DA:36,2
DA:39,1
DA:40,1
DA:41,1
LF:32
LH:31
BRF:0
BRH:0
end_of_record
TN:
SF:helpers\mongo.js
FNF:0
FNH:0
DA:1,1
LF:1
LH:1
BRDA:2,0,0,1
BRDA:2,0,1,1
BRDA:2,1,0,1
BRDA:2,1,1,0
BRF:4
BRH:3
end_of_record
TN:
SF:helpers\redis.js
FN:5,(anonymous_0)
FN:12,(anonymous_1)
FN:16,(anonymous_2)
FN:23,(anonymous_3)
FN:31,(anonymous_4)
FN:32,(anonymous_5)
FN:33,(anonymous_6)
FN:41,(anonymous_7)
FNF:8
FNH:7
FNDA:1,(anonymous_0)
FNDA:0,(anonymous_1)
FNDA:1,(anonymous_2)
FNDA:2,(anonymous_3)
FNDA:4,(anonymous_4)
FNDA:4,(anonymous_5)
FNDA:4,(anonymous_6)
FNDA:1,(anonymous_7)
DA:1,1
DA:2,1
DA:6,1
DA:8,1
DA:10,0
DA:12,1
DA:13,0
DA:16,1
DA:17,1
DA:24,2
DA:25,0
DA:27,2
DA:32,4
DA:33,4
DA:34,4
DA:36,4
DA:42,1
DA:46,1
LF:18
LH:15
BRDA:23,0,0,0
BRDA:24,1,0,0
BRDA:24,1,1,2
BRDA:34,2,0,0
BRDA:34,2,1,4
BRF:5
BRH:2
end_of_record
